[2024-10-04T06:38:50.371+0000] {local_task_job_runner.py:120} INFO - ::group::Pre task execution logs
[2024-10-04T06:38:50.385+0000] {taskinstance.py:2076} INFO - Dependencies all met for dep_context=non-requeueable deps ti=<TaskInstance: gradient_boosting_classifier_dag.gbc_train_model scheduled__2024-10-03T01:00:00+00:00 [queued]>
[2024-10-04T06:38:50.392+0000] {taskinstance.py:2076} INFO - Dependencies all met for dep_context=requeueable deps ti=<TaskInstance: gradient_boosting_classifier_dag.gbc_train_model scheduled__2024-10-03T01:00:00+00:00 [queued]>
[2024-10-04T06:38:50.393+0000] {taskinstance.py:2306} INFO - Starting attempt 1 of 1
[2024-10-04T06:38:50.404+0000] {taskinstance.py:2330} INFO - Executing <Task(PythonOperator): gbc_train_model> on 2024-10-03 01:00:00+00:00
[2024-10-04T06:38:50.411+0000] {standard_task_runner.py:64} INFO - Started process 49367 to run task
[2024-10-04T06:38:50.413+0000] {standard_task_runner.py:90} INFO - Running: ['***', 'tasks', 'run', 'gradient_boosting_classifier_dag', 'gbc_train_model', 'scheduled__2024-10-03T01:00:00+00:00', '--job-id', '781', '--raw', '--subdir', 'DAGS_FOLDER/***/dags/.ipynb_checkpoints/hw1-checkpoint.py', '--cfg-path', '/tmp/tmpwbt9p1i1']
[2024-10-04T06:38:50.416+0000] {standard_task_runner.py:91} INFO - Job 781: Subtask gbc_train_model
[2024-10-04T06:38:50.459+0000] {task_command.py:426} INFO - Running <TaskInstance: gradient_boosting_classifier_dag.gbc_train_model scheduled__2024-10-03T01:00:00+00:00 [running]> on host 4b5f1410d111
[2024-10-04T06:38:50.532+0000] {taskinstance.py:2648} INFO - Exporting env vars: AIRFLOW_CTX_DAG_EMAIL='alexvlg34@gmail.com' AIRFLOW_CTX_DAG_OWNER='Alex Trigolos' AIRFLOW_CTX_DAG_ID='gradient_boosting_classifier_dag' AIRFLOW_CTX_TASK_ID='gbc_train_model' AIRFLOW_CTX_EXECUTION_DATE='2024-10-03T01:00:00+00:00' AIRFLOW_CTX_TRY_NUMBER='1' AIRFLOW_CTX_DAG_RUN_ID='scheduled__2024-10-03T01:00:00+00:00'
[2024-10-04T06:38:50.534+0000] {taskinstance.py:430} INFO - ::endgroup::
[2024-10-04T06:38:50.543+0000] {hw1-checkpoint.py:137} INFO - Train model...
[2024-10-04T06:38:50.544+0000] {s3.py:1422} INFO - Downloading source S3 file from Bucket testmlops with path AlexTrigolos/GradientBoostingClassifier/datasets/X_train.pkl
[2024-10-04T06:38:50.552+0000] {base.py:84} INFO - Using connection ID 's3_connection' for task execution.
[2024-10-04T06:38:50.554+0000] {connection_wrapper.py:388} INFO - AWS Connection (conn_id='s3_connection', conn_type='aws') credentials retrieved from login and password.
[2024-10-04T06:38:50.945+0000] {hw1-checkpoint.py:78} INFO - /tmp/***_tmp_edb1u85e
[2024-10-04T06:38:50.949+0000] {s3.py:1422} INFO - Downloading source S3 file from Bucket testmlops with path AlexTrigolos/GradientBoostingClassifier/datasets/X_test.pkl
[2024-10-04T06:38:50.957+0000] {base.py:84} INFO - Using connection ID 's3_connection' for task execution.
[2024-10-04T06:38:50.959+0000] {connection_wrapper.py:388} INFO - AWS Connection (conn_id='s3_connection', conn_type='aws') credentials retrieved from login and password.
[2024-10-04T06:38:51.161+0000] {hw1-checkpoint.py:78} INFO - /tmp/***_tmp_njh75zf5
[2024-10-04T06:38:51.163+0000] {s3.py:1422} INFO - Downloading source S3 file from Bucket testmlops with path AlexTrigolos/GradientBoostingClassifier/datasets/y_train.pkl
[2024-10-04T06:38:51.172+0000] {base.py:84} INFO - Using connection ID 's3_connection' for task execution.
[2024-10-04T06:38:51.173+0000] {connection_wrapper.py:388} INFO - AWS Connection (conn_id='s3_connection', conn_type='aws') credentials retrieved from login and password.
[2024-10-04T06:38:51.365+0000] {hw1-checkpoint.py:78} INFO - /tmp/***_tmp_nrrsf349
[2024-10-04T06:38:51.369+0000] {s3.py:1422} INFO - Downloading source S3 file from Bucket testmlops with path AlexTrigolos/GradientBoostingClassifier/datasets/y_test.pkl
[2024-10-04T06:38:51.378+0000] {base.py:84} INFO - Using connection ID 's3_connection' for task execution.
[2024-10-04T06:38:51.379+0000] {connection_wrapper.py:388} INFO - AWS Connection (conn_id='s3_connection', conn_type='aws') credentials retrieved from login and password.
[2024-10-04T06:38:51.810+0000] {hw1-checkpoint.py:78} INFO - /tmp/***_tmp_bnqme6bd
[2024-10-04T06:38:51.816+0000] {logging_mixin.py:188} INFO - Fitting 5 folds for each of 1080 candidates, totalling 5400 fits
[2024-10-04T06:38:51.854+0000] {logging_mixin.py:188} INFO - [CV] END ..learning_rate=0.001, max_depth=1, n_estimators=50; total time=   0.0s
[2024-10-04T06:38:51.878+0000] {logging_mixin.py:188} INFO - [CV] END ..learning_rate=0.001, max_depth=1, n_estimators=50; total time=   0.0s
[2024-10-04T06:38:51.905+0000] {logging_mixin.py:188} INFO - [CV] END ..learning_rate=0.001, max_depth=1, n_estimators=50; total time=   0.0s
[2024-10-04T06:38:51.932+0000] {logging_mixin.py:188} INFO - [CV] END ..learning_rate=0.001, max_depth=1, n_estimators=50; total time=   0.0s
[2024-10-04T06:38:51.958+0000] {logging_mixin.py:188} INFO - [CV] END ..learning_rate=0.001, max_depth=1, n_estimators=50; total time=   0.0s
[2024-10-04T06:38:52.006+0000] {logging_mixin.py:188} INFO - [CV] END .learning_rate=0.001, max_depth=1, n_estimators=100; total time=   0.0s
[2024-10-04T06:38:52.051+0000] {logging_mixin.py:188} INFO - [CV] END .learning_rate=0.001, max_depth=1, n_estimators=100; total time=   0.0s
[2024-10-04T06:38:52.099+0000] {logging_mixin.py:188} INFO - [CV] END .learning_rate=0.001, max_depth=1, n_estimators=100; total time=   0.0s
[2024-10-04T06:38:52.146+0000] {logging_mixin.py:188} INFO - [CV] END .learning_rate=0.001, max_depth=1, n_estimators=100; total time=   0.0s
[2024-10-04T06:38:52.208+0000] {logging_mixin.py:188} INFO - [CV] END .learning_rate=0.001, max_depth=1, n_estimators=100; total time=   0.1s
[2024-10-04T06:38:52.271+0000] {logging_mixin.py:188} INFO - [CV] END .learning_rate=0.001, max_depth=1, n_estimators=150; total time=   0.1s
[2024-10-04T06:38:52.341+0000] {logging_mixin.py:188} INFO - [CV] END .learning_rate=0.001, max_depth=1, n_estimators=150; total time=   0.1s
[2024-10-04T06:38:52.405+0000] {logging_mixin.py:188} INFO - [CV] END .learning_rate=0.001, max_depth=1, n_estimators=150; total time=   0.1s
[2024-10-04T06:38:52.470+0000] {logging_mixin.py:188} INFO - [CV] END .learning_rate=0.001, max_depth=1, n_estimators=150; total time=   0.1s
[2024-10-04T06:38:52.534+0000] {logging_mixin.py:188} INFO - [CV] END .learning_rate=0.001, max_depth=1, n_estimators=150; total time=   0.1s
[2024-10-04T06:38:52.618+0000] {logging_mixin.py:188} INFO - [CV] END .learning_rate=0.001, max_depth=1, n_estimators=200; total time=   0.1s
[2024-10-04T06:38:52.701+0000] {logging_mixin.py:188} INFO - [CV] END .learning_rate=0.001, max_depth=1, n_estimators=200; total time=   0.1s
[2024-10-04T06:38:52.787+0000] {logging_mixin.py:188} INFO - [CV] END .learning_rate=0.001, max_depth=1, n_estimators=200; total time=   0.1s
[2024-10-04T06:38:52.875+0000] {logging_mixin.py:188} INFO - [CV] END .learning_rate=0.001, max_depth=1, n_estimators=200; total time=   0.1s
[2024-10-04T06:38:52.959+0000] {logging_mixin.py:188} INFO - [CV] END .learning_rate=0.001, max_depth=1, n_estimators=200; total time=   0.1s
[2024-10-04T06:38:53.064+0000] {logging_mixin.py:188} INFO - [CV] END .learning_rate=0.001, max_depth=1, n_estimators=250; total time=   0.1s
[2024-10-04T06:38:53.171+0000] {logging_mixin.py:188} INFO - [CV] END .learning_rate=0.001, max_depth=1, n_estimators=250; total time=   0.1s
[2024-10-04T06:38:53.279+0000] {logging_mixin.py:188} INFO - [CV] END .learning_rate=0.001, max_depth=1, n_estimators=250; total time=   0.1s
[2024-10-04T06:38:53.386+0000] {logging_mixin.py:188} INFO - [CV] END .learning_rate=0.001, max_depth=1, n_estimators=250; total time=   0.1s
[2024-10-04T06:38:53.525+0000] {logging_mixin.py:188} INFO - [CV] END .learning_rate=0.001, max_depth=1, n_estimators=250; total time=   0.1s
[2024-10-04T06:38:53.656+0000] {logging_mixin.py:188} INFO - [CV] END .learning_rate=0.001, max_depth=1, n_estimators=300; total time=   0.1s
[2024-10-04T06:38:53.779+0000] {logging_mixin.py:188} INFO - [CV] END .learning_rate=0.001, max_depth=1, n_estimators=300; total time=   0.1s
[2024-10-04T06:38:53.901+0000] {logging_mixin.py:188} INFO - [CV] END .learning_rate=0.001, max_depth=1, n_estimators=300; total time=   0.1s
[2024-10-04T06:38:54.022+0000] {logging_mixin.py:188} INFO - [CV] END .learning_rate=0.001, max_depth=1, n_estimators=300; total time=   0.1s
[2024-10-04T06:38:54.148+0000] {logging_mixin.py:188} INFO - [CV] END .learning_rate=0.001, max_depth=1, n_estimators=300; total time=   0.1s
[2024-10-04T06:38:54.298+0000] {logging_mixin.py:188} INFO - [CV] END .learning_rate=0.001, max_depth=1, n_estimators=350; total time=   0.1s
[2024-10-04T06:38:54.493+0000] {logging_mixin.py:188} INFO - [CV] END .learning_rate=0.001, max_depth=1, n_estimators=350; total time=   0.2s
[2024-10-04T06:38:54.659+0000] {logging_mixin.py:188} INFO - [CV] END .learning_rate=0.001, max_depth=1, n_estimators=350; total time=   0.2s
[2024-10-04T06:38:54.824+0000] {logging_mixin.py:188} INFO - [CV] END .learning_rate=0.001, max_depth=1, n_estimators=350; total time=   0.2s
[2024-10-04T06:38:54.979+0000] {logging_mixin.py:188} INFO - [CV] END .learning_rate=0.001, max_depth=1, n_estimators=350; total time=   0.2s
[2024-10-04T06:38:55.153+0000] {logging_mixin.py:188} INFO - [CV] END .learning_rate=0.001, max_depth=1, n_estimators=400; total time=   0.2s
[2024-10-04T06:38:55.318+0000] {logging_mixin.py:188} INFO - [CV] END .learning_rate=0.001, max_depth=1, n_estimators=400; total time=   0.2s
[2024-10-04T06:38:55.494+0000] {logging_mixin.py:188} INFO - [CV] END .learning_rate=0.001, max_depth=1, n_estimators=400; total time=   0.2s
[2024-10-04T06:38:55.654+0000] {logging_mixin.py:188} INFO - [CV] END .learning_rate=0.001, max_depth=1, n_estimators=400; total time=   0.2s
[2024-10-04T06:38:55.893+0000] {logging_mixin.py:188} INFO - [CV] END .learning_rate=0.001, max_depth=1, n_estimators=400; total time=   0.2s
[2024-10-04T06:38:56.075+0000] {logging_mixin.py:188} INFO - [CV] END .learning_rate=0.001, max_depth=1, n_estimators=450; total time=   0.2s
[2024-10-04T06:38:56.255+0000] {logging_mixin.py:188} INFO - [CV] END .learning_rate=0.001, max_depth=1, n_estimators=450; total time=   0.2s
[2024-10-04T06:38:56.464+0000] {logging_mixin.py:188} INFO - [CV] END .learning_rate=0.001, max_depth=1, n_estimators=450; total time=   0.2s
[2024-10-04T06:38:56.672+0000] {logging_mixin.py:188} INFO - [CV] END .learning_rate=0.001, max_depth=1, n_estimators=450; total time=   0.2s
[2024-10-04T06:38:56.857+0000] {logging_mixin.py:188} INFO - [CV] END .learning_rate=0.001, max_depth=1, n_estimators=450; total time=   0.2s
[2024-10-04T06:38:56.895+0000] {logging_mixin.py:188} INFO - [CV] END ..learning_rate=0.001, max_depth=3, n_estimators=50; total time=   0.0s
[2024-10-04T06:38:56.933+0000] {logging_mixin.py:188} INFO - [CV] END ..learning_rate=0.001, max_depth=3, n_estimators=50; total time=   0.0s
[2024-10-04T06:38:56.972+0000] {logging_mixin.py:188} INFO - [CV] END ..learning_rate=0.001, max_depth=3, n_estimators=50; total time=   0.0s
[2024-10-04T06:38:57.009+0000] {logging_mixin.py:188} INFO - [CV] END ..learning_rate=0.001, max_depth=3, n_estimators=50; total time=   0.0s
[2024-10-04T06:38:57.049+0000] {logging_mixin.py:188} INFO - [CV] END ..learning_rate=0.001, max_depth=3, n_estimators=50; total time=   0.0s
[2024-10-04T06:38:57.121+0000] {logging_mixin.py:188} INFO - [CV] END .learning_rate=0.001, max_depth=3, n_estimators=100; total time=   0.1s
[2024-10-04T06:38:57.201+0000] {logging_mixin.py:188} INFO - [CV] END .learning_rate=0.001, max_depth=3, n_estimators=100; total time=   0.1s
[2024-10-04T06:38:57.276+0000] {logging_mixin.py:188} INFO - [CV] END .learning_rate=0.001, max_depth=3, n_estimators=100; total time=   0.1s
[2024-10-04T06:38:57.352+0000] {logging_mixin.py:188} INFO - [CV] END .learning_rate=0.001, max_depth=3, n_estimators=100; total time=   0.1s
[2024-10-04T06:38:57.429+0000] {logging_mixin.py:188} INFO - [CV] END .learning_rate=0.001, max_depth=3, n_estimators=100; total time=   0.1s
[2024-10-04T06:38:57.538+0000] {logging_mixin.py:188} INFO - [CV] END .learning_rate=0.001, max_depth=3, n_estimators=150; total time=   0.1s
[2024-10-04T06:38:57.652+0000] {logging_mixin.py:188} INFO - [CV] END .learning_rate=0.001, max_depth=3, n_estimators=150; total time=   0.1s
[2024-10-04T06:38:57.755+0000] {logging_mixin.py:188} INFO - [CV] END .learning_rate=0.001, max_depth=3, n_estimators=150; total time=   0.1s
[2024-10-04T06:38:57.865+0000] {logging_mixin.py:188} INFO - [CV] END .learning_rate=0.001, max_depth=3, n_estimators=150; total time=   0.1s
[2024-10-04T06:38:57.969+0000] {logging_mixin.py:188} INFO - [CV] END .learning_rate=0.001, max_depth=3, n_estimators=150; total time=   0.1s
[2024-10-04T06:38:58.105+0000] {logging_mixin.py:188} INFO - [CV] END .learning_rate=0.001, max_depth=3, n_estimators=200; total time=   0.1s
[2024-10-04T06:38:58.245+0000] {logging_mixin.py:188} INFO - [CV] END .learning_rate=0.001, max_depth=3, n_estimators=200; total time=   0.1s
[2024-10-04T06:38:58.384+0000] {logging_mixin.py:188} INFO - [CV] END .learning_rate=0.001, max_depth=3, n_estimators=200; total time=   0.1s
[2024-10-04T06:38:58.519+0000] {logging_mixin.py:188} INFO - [CV] END .learning_rate=0.001, max_depth=3, n_estimators=200; total time=   0.1s
[2024-10-04T06:38:58.657+0000] {logging_mixin.py:188} INFO - [CV] END .learning_rate=0.001, max_depth=3, n_estimators=200; total time=   0.1s
[2024-10-04T06:38:58.835+0000] {logging_mixin.py:188} INFO - [CV] END .learning_rate=0.001, max_depth=3, n_estimators=250; total time=   0.2s
[2024-10-04T06:38:59.006+0000] {logging_mixin.py:188} INFO - [CV] END .learning_rate=0.001, max_depth=3, n_estimators=250; total time=   0.2s
[2024-10-04T06:38:59.179+0000] {logging_mixin.py:188} INFO - [CV] END .learning_rate=0.001, max_depth=3, n_estimators=250; total time=   0.2s
[2024-10-04T06:38:59.349+0000] {logging_mixin.py:188} INFO - [CV] END .learning_rate=0.001, max_depth=3, n_estimators=250; total time=   0.2s
[2024-10-04T06:38:59.528+0000] {logging_mixin.py:188} INFO - [CV] END .learning_rate=0.001, max_depth=3, n_estimators=250; total time=   0.2s
[2024-10-04T06:38:59.738+0000] {logging_mixin.py:188} INFO - [CV] END .learning_rate=0.001, max_depth=3, n_estimators=300; total time=   0.2s
[2024-10-04T06:38:59.948+0000] {logging_mixin.py:188} INFO - [CV] END .learning_rate=0.001, max_depth=3, n_estimators=300; total time=   0.2s
[2024-10-04T06:39:00.155+0000] {logging_mixin.py:188} INFO - [CV] END .learning_rate=0.001, max_depth=3, n_estimators=300; total time=   0.2s
[2024-10-04T06:39:00.370+0000] {logging_mixin.py:188} INFO - [CV] END .learning_rate=0.001, max_depth=3, n_estimators=300; total time=   0.2s
[2024-10-04T06:39:00.638+0000] {logging_mixin.py:188} INFO - [CV] END .learning_rate=0.001, max_depth=3, n_estimators=300; total time=   0.3s
[2024-10-04T06:39:00.879+0000] {logging_mixin.py:188} INFO - [CV] END .learning_rate=0.001, max_depth=3, n_estimators=350; total time=   0.2s
[2024-10-04T06:39:01.155+0000] {logging_mixin.py:188} INFO - [CV] END .learning_rate=0.001, max_depth=3, n_estimators=350; total time=   0.3s
[2024-10-04T06:39:01.446+0000] {logging_mixin.py:188} INFO - [CV] END .learning_rate=0.001, max_depth=3, n_estimators=350; total time=   0.3s
[2024-10-04T06:39:01.687+0000] {logging_mixin.py:188} INFO - [CV] END .learning_rate=0.001, max_depth=3, n_estimators=350; total time=   0.2s
[2024-10-04T06:39:01.928+0000] {logging_mixin.py:188} INFO - [CV] END .learning_rate=0.001, max_depth=3, n_estimators=350; total time=   0.2s
[2024-10-04T06:39:02.194+0000] {logging_mixin.py:188} INFO - [CV] END .learning_rate=0.001, max_depth=3, n_estimators=400; total time=   0.3s
[2024-10-04T06:39:02.463+0000] {logging_mixin.py:188} INFO - [CV] END .learning_rate=0.001, max_depth=3, n_estimators=400; total time=   0.3s
[2024-10-04T06:39:02.729+0000] {logging_mixin.py:188} INFO - [CV] END .learning_rate=0.001, max_depth=3, n_estimators=400; total time=   0.3s
[2024-10-04T06:39:03.000+0000] {logging_mixin.py:188} INFO - [CV] END .learning_rate=0.001, max_depth=3, n_estimators=400; total time=   0.3s
[2024-10-04T06:39:03.272+0000] {logging_mixin.py:188} INFO - [CV] END .learning_rate=0.001, max_depth=3, n_estimators=400; total time=   0.3s
[2024-10-04T06:39:03.572+0000] {logging_mixin.py:188} INFO - [CV] END .learning_rate=0.001, max_depth=3, n_estimators=450; total time=   0.3s
[2024-10-04T06:39:03.875+0000] {logging_mixin.py:188} INFO - [CV] END .learning_rate=0.001, max_depth=3, n_estimators=450; total time=   0.3s
[2024-10-04T06:39:04.176+0000] {logging_mixin.py:188} INFO - [CV] END .learning_rate=0.001, max_depth=3, n_estimators=450; total time=   0.3s
[2024-10-04T06:39:04.480+0000] {logging_mixin.py:188} INFO - [CV] END .learning_rate=0.001, max_depth=3, n_estimators=450; total time=   0.3s
[2024-10-04T06:39:04.781+0000] {logging_mixin.py:188} INFO - [CV] END .learning_rate=0.001, max_depth=3, n_estimators=450; total time=   0.3s
[2024-10-04T06:39:04.840+0000] {logging_mixin.py:188} INFO - [CV] END ..learning_rate=0.001, max_depth=5, n_estimators=50; total time=   0.1s
[2024-10-04T06:39:04.901+0000] {logging_mixin.py:188} INFO - [CV] END ..learning_rate=0.001, max_depth=5, n_estimators=50; total time=   0.1s
[2024-10-04T06:39:04.961+0000] {logging_mixin.py:188} INFO - [CV] END ..learning_rate=0.001, max_depth=5, n_estimators=50; total time=   0.1s
[2024-10-04T06:39:05.020+0000] {logging_mixin.py:188} INFO - [CV] END ..learning_rate=0.001, max_depth=5, n_estimators=50; total time=   0.1s
[2024-10-04T06:39:05.079+0000] {logging_mixin.py:188} INFO - [CV] END ..learning_rate=0.001, max_depth=5, n_estimators=50; total time=   0.1s
[2024-10-04T06:39:05.192+0000] {logging_mixin.py:188} INFO - [CV] END .learning_rate=0.001, max_depth=5, n_estimators=100; total time=   0.1s
[2024-10-04T06:39:05.306+0000] {logging_mixin.py:188} INFO - [CV] END .learning_rate=0.001, max_depth=5, n_estimators=100; total time=   0.1s
[2024-10-04T06:39:05.425+0000] {logging_mixin.py:188} INFO - [CV] END .learning_rate=0.001, max_depth=5, n_estimators=100; total time=   0.1s
[2024-10-04T06:39:05.540+0000] {logging_mixin.py:188} INFO - [CV] END .learning_rate=0.001, max_depth=5, n_estimators=100; total time=   0.1s
[2024-10-04T06:39:05.662+0000] {logging_mixin.py:188} INFO - [CV] END .learning_rate=0.001, max_depth=5, n_estimators=100; total time=   0.1s
[2024-10-04T06:39:05.836+0000] {logging_mixin.py:188} INFO - [CV] END .learning_rate=0.001, max_depth=5, n_estimators=150; total time=   0.2s
[2024-10-04T06:39:06.026+0000] {logging_mixin.py:188} INFO - [CV] END .learning_rate=0.001, max_depth=5, n_estimators=150; total time=   0.2s
[2024-10-04T06:39:06.221+0000] {logging_mixin.py:188} INFO - [CV] END .learning_rate=0.001, max_depth=5, n_estimators=150; total time=   0.2s
[2024-10-04T06:39:06.425+0000] {logging_mixin.py:188} INFO - [CV] END .learning_rate=0.001, max_depth=5, n_estimators=150; total time=   0.2s
[2024-10-04T06:39:06.598+0000] {logging_mixin.py:188} INFO - [CV] END .learning_rate=0.001, max_depth=5, n_estimators=150; total time=   0.2s
[2024-10-04T06:39:06.822+0000] {logging_mixin.py:188} INFO - [CV] END .learning_rate=0.001, max_depth=5, n_estimators=200; total time=   0.2s
[2024-10-04T06:39:07.043+0000] {logging_mixin.py:188} INFO - [CV] END .learning_rate=0.001, max_depth=5, n_estimators=200; total time=   0.2s
[2024-10-04T06:39:07.277+0000] {logging_mixin.py:188} INFO - [CV] END .learning_rate=0.001, max_depth=5, n_estimators=200; total time=   0.2s
[2024-10-04T06:39:07.503+0000] {logging_mixin.py:188} INFO - [CV] END .learning_rate=0.001, max_depth=5, n_estimators=200; total time=   0.2s
[2024-10-04T06:39:07.730+0000] {logging_mixin.py:188} INFO - [CV] END .learning_rate=0.001, max_depth=5, n_estimators=200; total time=   0.2s
[2024-10-04T06:39:08.010+0000] {logging_mixin.py:188} INFO - [CV] END .learning_rate=0.001, max_depth=5, n_estimators=250; total time=   0.3s
[2024-10-04T06:39:08.292+0000] {logging_mixin.py:188} INFO - [CV] END .learning_rate=0.001, max_depth=5, n_estimators=250; total time=   0.3s
[2024-10-04T06:39:08.586+0000] {logging_mixin.py:188} INFO - [CV] END .learning_rate=0.001, max_depth=5, n_estimators=250; total time=   0.3s
[2024-10-04T06:39:08.867+0000] {logging_mixin.py:188} INFO - [CV] END .learning_rate=0.001, max_depth=5, n_estimators=250; total time=   0.3s
[2024-10-04T06:39:09.162+0000] {logging_mixin.py:188} INFO - [CV] END .learning_rate=0.001, max_depth=5, n_estimators=250; total time=   0.3s
[2024-10-04T06:39:09.506+0000] {logging_mixin.py:188} INFO - [CV] END .learning_rate=0.001, max_depth=5, n_estimators=300; total time=   0.3s
[2024-10-04T06:39:09.843+0000] {logging_mixin.py:188} INFO - [CV] END .learning_rate=0.001, max_depth=5, n_estimators=300; total time=   0.3s
[2024-10-04T06:39:10.194+0000] {logging_mixin.py:188} INFO - [CV] END .learning_rate=0.001, max_depth=5, n_estimators=300; total time=   0.3s
[2024-10-04T06:39:10.533+0000] {logging_mixin.py:188} INFO - [CV] END .learning_rate=0.001, max_depth=5, n_estimators=300; total time=   0.3s
[2024-10-04T06:39:10.927+0000] {logging_mixin.py:188} INFO - [CV] END .learning_rate=0.001, max_depth=5, n_estimators=300; total time=   0.4s
[2024-10-04T06:39:11.455+0000] {logging_mixin.py:188} INFO - [CV] END .learning_rate=0.001, max_depth=5, n_estimators=350; total time=   0.5s
[2024-10-04T06:39:11.936+0000] {logging_mixin.py:188} INFO - [CV] END .learning_rate=0.001, max_depth=5, n_estimators=350; total time=   0.5s
[2024-10-04T06:39:12.370+0000] {logging_mixin.py:188} INFO - [CV] END .learning_rate=0.001, max_depth=5, n_estimators=350; total time=   0.4s
[2024-10-04T06:39:12.794+0000] {logging_mixin.py:188} INFO - [CV] END .learning_rate=0.001, max_depth=5, n_estimators=350; total time=   0.4s
[2024-10-04T06:39:13.212+0000] {logging_mixin.py:188} INFO - [CV] END .learning_rate=0.001, max_depth=5, n_estimators=350; total time=   0.4s
[2024-10-04T06:39:13.664+0000] {logging_mixin.py:188} INFO - [CV] END .learning_rate=0.001, max_depth=5, n_estimators=400; total time=   0.5s
[2024-10-04T06:39:14.117+0000] {logging_mixin.py:188} INFO - [CV] END .learning_rate=0.001, max_depth=5, n_estimators=400; total time=   0.5s
[2024-10-04T06:39:14.573+0000] {logging_mixin.py:188} INFO - [CV] END .learning_rate=0.001, max_depth=5, n_estimators=400; total time=   0.5s
[2024-10-04T06:39:15.029+0000] {logging_mixin.py:188} INFO - [CV] END .learning_rate=0.001, max_depth=5, n_estimators=400; total time=   0.5s
[2024-10-04T06:39:15.489+0000] {logging_mixin.py:188} INFO - [CV] END .learning_rate=0.001, max_depth=5, n_estimators=400; total time=   0.5s
[2024-10-04T06:39:16.030+0000] {logging_mixin.py:188} INFO - [CV] END .learning_rate=0.001, max_depth=5, n_estimators=450; total time=   0.5s
[2024-10-04T06:39:16.617+0000] {logging_mixin.py:188} INFO - [CV] END .learning_rate=0.001, max_depth=5, n_estimators=450; total time=   0.6s
[2024-10-04T06:39:17.130+0000] {logging_mixin.py:188} INFO - [CV] END .learning_rate=0.001, max_depth=5, n_estimators=450; total time=   0.5s
[2024-10-04T06:39:17.632+0000] {logging_mixin.py:188} INFO - [CV] END .learning_rate=0.001, max_depth=5, n_estimators=450; total time=   0.5s
[2024-10-04T06:39:18.145+0000] {logging_mixin.py:188} INFO - [CV] END .learning_rate=0.001, max_depth=5, n_estimators=450; total time=   0.5s
[2024-10-04T06:39:18.226+0000] {logging_mixin.py:188} INFO - [CV] END ..learning_rate=0.001, max_depth=7, n_estimators=50; total time=   0.1s
[2024-10-04T06:39:18.311+0000] {logging_mixin.py:188} INFO - [CV] END ..learning_rate=0.001, max_depth=7, n_estimators=50; total time=   0.1s
[2024-10-04T06:39:18.404+0000] {logging_mixin.py:188} INFO - [CV] END ..learning_rate=0.001, max_depth=7, n_estimators=50; total time=   0.1s
[2024-10-04T06:39:18.492+0000] {logging_mixin.py:188} INFO - [CV] END ..learning_rate=0.001, max_depth=7, n_estimators=50; total time=   0.1s
[2024-10-04T06:39:18.578+0000] {logging_mixin.py:188} INFO - [CV] END ..learning_rate=0.001, max_depth=7, n_estimators=50; total time=   0.1s
[2024-10-04T06:39:18.743+0000] {logging_mixin.py:188} INFO - [CV] END .learning_rate=0.001, max_depth=7, n_estimators=100; total time=   0.2s
[2024-10-04T06:39:18.919+0000] {logging_mixin.py:188} INFO - [CV] END .learning_rate=0.001, max_depth=7, n_estimators=100; total time=   0.2s
[2024-10-04T06:39:19.101+0000] {logging_mixin.py:188} INFO - [CV] END .learning_rate=0.001, max_depth=7, n_estimators=100; total time=   0.2s
[2024-10-04T06:39:19.275+0000] {logging_mixin.py:188} INFO - [CV] END .learning_rate=0.001, max_depth=7, n_estimators=100; total time=   0.2s
[2024-10-04T06:39:19.441+0000] {logging_mixin.py:188} INFO - [CV] END .learning_rate=0.001, max_depth=7, n_estimators=100; total time=   0.2s
[2024-10-04T06:39:19.672+0000] {logging_mixin.py:188} INFO - [CV] END .learning_rate=0.001, max_depth=7, n_estimators=150; total time=   0.2s
[2024-10-04T06:39:19.918+0000] {logging_mixin.py:188} INFO - [CV] END .learning_rate=0.001, max_depth=7, n_estimators=150; total time=   0.2s
[2024-10-04T06:39:20.197+0000] {logging_mixin.py:188} INFO - [CV] END .learning_rate=0.001, max_depth=7, n_estimators=150; total time=   0.3s
[2024-10-04T06:39:20.447+0000] {logging_mixin.py:188} INFO - [CV] END .learning_rate=0.001, max_depth=7, n_estimators=150; total time=   0.2s
[2024-10-04T06:39:20.698+0000] {logging_mixin.py:188} INFO - [CV] END .learning_rate=0.001, max_depth=7, n_estimators=150; total time=   0.3s
[2024-10-04T06:39:21.010+0000] {logging_mixin.py:188} INFO - [CV] END .learning_rate=0.001, max_depth=7, n_estimators=200; total time=   0.3s
[2024-10-04T06:39:21.338+0000] {logging_mixin.py:188} INFO - [CV] END .learning_rate=0.001, max_depth=7, n_estimators=200; total time=   0.3s
[2024-10-04T06:39:21.719+0000] {logging_mixin.py:188} INFO - [CV] END .learning_rate=0.001, max_depth=7, n_estimators=200; total time=   0.4s
[2024-10-04T06:39:22.049+0000] {logging_mixin.py:188} INFO - [CV] END .learning_rate=0.001, max_depth=7, n_estimators=200; total time=   0.3s
[2024-10-04T06:39:22.402+0000] {logging_mixin.py:188} INFO - [CV] END .learning_rate=0.001, max_depth=7, n_estimators=200; total time=   0.4s
[2024-10-04T06:39:22.856+0000] {logging_mixin.py:188} INFO - [CV] END .learning_rate=0.001, max_depth=7, n_estimators=250; total time=   0.5s
[2024-10-04T06:39:23.326+0000] {logging_mixin.py:188} INFO - [CV] END .learning_rate=0.001, max_depth=7, n_estimators=250; total time=   0.5s
[2024-10-04T06:39:23.883+0000] {logging_mixin.py:188} INFO - [CV] END .learning_rate=0.001, max_depth=7, n_estimators=250; total time=   0.6s
[2024-10-04T06:39:24.363+0000] {logging_mixin.py:188} INFO - [CV] END .learning_rate=0.001, max_depth=7, n_estimators=250; total time=   0.5s
[2024-10-04T06:39:24.864+0000] {logging_mixin.py:188} INFO - [CV] END .learning_rate=0.001, max_depth=7, n_estimators=250; total time=   0.5s
[2024-10-04T06:39:25.426+0000] {logging_mixin.py:188} INFO - [CV] END .learning_rate=0.001, max_depth=7, n_estimators=300; total time=   0.6s
[2024-10-04T06:39:26.023+0000] {logging_mixin.py:188} INFO - [CV] END .learning_rate=0.001, max_depth=7, n_estimators=300; total time=   0.6s
[2024-10-04T06:39:26.694+0000] {logging_mixin.py:188} INFO - [CV] END .learning_rate=0.001, max_depth=7, n_estimators=300; total time=   0.7s
[2024-10-04T06:39:27.412+0000] {logging_mixin.py:188} INFO - [CV] END .learning_rate=0.001, max_depth=7, n_estimators=300; total time=   0.7s
[2024-10-04T06:39:27.994+0000] {logging_mixin.py:188} INFO - [CV] END .learning_rate=0.001, max_depth=7, n_estimators=300; total time=   0.6s
[2024-10-04T06:39:28.635+0000] {logging_mixin.py:188} INFO - [CV] END .learning_rate=0.001, max_depth=7, n_estimators=350; total time=   0.6s
[2024-10-04T06:39:29.339+0000] {logging_mixin.py:188} INFO - [CV] END .learning_rate=0.001, max_depth=7, n_estimators=350; total time=   0.7s
[2024-10-04T06:39:30.361+0000] {logging_mixin.py:188} INFO - [CV] END .learning_rate=0.001, max_depth=7, n_estimators=350; total time=   1.0s
[2024-10-04T06:39:31.296+0000] {logging_mixin.py:188} INFO - [CV] END .learning_rate=0.001, max_depth=7, n_estimators=350; total time=   0.9s
[2024-10-04T06:39:32.203+0000] {logging_mixin.py:188} INFO - [CV] END .learning_rate=0.001, max_depth=7, n_estimators=350; total time=   0.9s
[2024-10-04T06:39:33.022+0000] {logging_mixin.py:188} INFO - [CV] END .learning_rate=0.001, max_depth=7, n_estimators=400; total time=   0.8s
[2024-10-04T06:39:33.766+0000] {logging_mixin.py:188} INFO - [CV] END .learning_rate=0.001, max_depth=7, n_estimators=400; total time=   0.7s
[2024-10-04T06:39:34.538+0000] {logging_mixin.py:188} INFO - [CV] END .learning_rate=0.001, max_depth=7, n_estimators=400; total time=   0.8s
[2024-10-04T06:39:35.309+0000] {logging_mixin.py:188} INFO - [CV] END .learning_rate=0.001, max_depth=7, n_estimators=400; total time=   0.8s
[2024-10-04T06:39:36.067+0000] {logging_mixin.py:188} INFO - [CV] END .learning_rate=0.001, max_depth=7, n_estimators=400; total time=   0.8s
[2024-10-04T06:39:36.874+0000] {logging_mixin.py:188} INFO - [CV] END .learning_rate=0.001, max_depth=7, n_estimators=450; total time=   0.8s
[2024-10-04T06:39:37.700+0000] {logging_mixin.py:188} INFO - [CV] END .learning_rate=0.001, max_depth=7, n_estimators=450; total time=   0.8s
[2024-10-04T06:39:38.581+0000] {logging_mixin.py:188} INFO - [CV] END .learning_rate=0.001, max_depth=7, n_estimators=450; total time=   0.9s
[2024-10-04T06:39:39.382+0000] {logging_mixin.py:188} INFO - [CV] END .learning_rate=0.001, max_depth=7, n_estimators=450; total time=   0.8s
[2024-10-04T06:39:40.207+0000] {logging_mixin.py:188} INFO - [CV] END .learning_rate=0.001, max_depth=7, n_estimators=450; total time=   0.8s
[2024-10-04T06:39:40.312+0000] {logging_mixin.py:188} INFO - [CV] END ..learning_rate=0.001, max_depth=9, n_estimators=50; total time=   0.1s
[2024-10-04T06:39:40.431+0000] {logging_mixin.py:188} INFO - [CV] END ..learning_rate=0.001, max_depth=9, n_estimators=50; total time=   0.1s
[2024-10-04T06:39:40.557+0000] {logging_mixin.py:188} INFO - [CV] END ..learning_rate=0.001, max_depth=9, n_estimators=50; total time=   0.1s
[2024-10-04T06:39:40.675+0000] {logging_mixin.py:188} INFO - [CV] END ..learning_rate=0.001, max_depth=9, n_estimators=50; total time=   0.1s
[2024-10-04T06:39:40.798+0000] {logging_mixin.py:188} INFO - [CV] END ..learning_rate=0.001, max_depth=9, n_estimators=50; total time=   0.1s
[2024-10-04T06:39:41.007+0000] {logging_mixin.py:188} INFO - [CV] END .learning_rate=0.001, max_depth=9, n_estimators=100; total time=   0.2s
[2024-10-04T06:39:41.260+0000] {logging_mixin.py:188} INFO - [CV] END .learning_rate=0.001, max_depth=9, n_estimators=100; total time=   0.3s
[2024-10-04T06:39:41.509+0000] {logging_mixin.py:188} INFO - [CV] END .learning_rate=0.001, max_depth=9, n_estimators=100; total time=   0.2s
[2024-10-04T06:39:41.738+0000] {logging_mixin.py:188} INFO - [CV] END .learning_rate=0.001, max_depth=9, n_estimators=100; total time=   0.2s
[2024-10-04T06:39:42.068+0000] {logging_mixin.py:188} INFO - [CV] END .learning_rate=0.001, max_depth=9, n_estimators=100; total time=   0.3s
[2024-10-04T06:39:42.381+0000] {logging_mixin.py:188} INFO - [CV] END .learning_rate=0.001, max_depth=9, n_estimators=150; total time=   0.3s
[2024-10-04T06:39:42.768+0000] {logging_mixin.py:188} INFO - [CV] END .learning_rate=0.001, max_depth=9, n_estimators=150; total time=   0.4s
[2024-10-04T06:39:43.268+0000] {logging_mixin.py:188} INFO - [CV] END .learning_rate=0.001, max_depth=9, n_estimators=150; total time=   0.5s
[2024-10-04T06:39:43.678+0000] {logging_mixin.py:188} INFO - [CV] END .learning_rate=0.001, max_depth=9, n_estimators=150; total time=   0.4s
[2024-10-04T06:39:44.059+0000] {logging_mixin.py:188} INFO - [CV] END .learning_rate=0.001, max_depth=9, n_estimators=150; total time=   0.4s
[2024-10-04T06:39:44.468+0000] {logging_mixin.py:188} INFO - [CV] END .learning_rate=0.001, max_depth=9, n_estimators=200; total time=   0.4s
[2024-10-04T06:39:44.933+0000] {logging_mixin.py:188} INFO - [CV] END .learning_rate=0.001, max_depth=9, n_estimators=200; total time=   0.5s
[2024-10-04T06:39:45.549+0000] {logging_mixin.py:188} INFO - [CV] END .learning_rate=0.001, max_depth=9, n_estimators=200; total time=   0.6s
[2024-10-04T06:39:46.142+0000] {logging_mixin.py:188} INFO - [CV] END .learning_rate=0.001, max_depth=9, n_estimators=200; total time=   0.6s
[2024-10-04T06:39:46.721+0000] {logging_mixin.py:188} INFO - [CV] END .learning_rate=0.001, max_depth=9, n_estimators=200; total time=   0.6s
[2024-10-04T06:39:47.354+0000] {logging_mixin.py:188} INFO - [CV] END .learning_rate=0.001, max_depth=9, n_estimators=250; total time=   0.6s
[2024-10-04T06:39:48.046+0000] {logging_mixin.py:188} INFO - [CV] END .learning_rate=0.001, max_depth=9, n_estimators=250; total time=   0.7s
[2024-10-04T06:39:48.912+0000] {logging_mixin.py:188} INFO - [CV] END .learning_rate=0.001, max_depth=9, n_estimators=250; total time=   0.9s
[2024-10-04T06:39:49.594+0000] {logging_mixin.py:188} INFO - [CV] END .learning_rate=0.001, max_depth=9, n_estimators=250; total time=   0.7s
[2024-10-04T06:39:50.328+0000] {logging_mixin.py:188} INFO - [CV] END .learning_rate=0.001, max_depth=9, n_estimators=250; total time=   0.7s
[2024-10-04T06:39:51.138+0000] {logging_mixin.py:188} INFO - [CV] END .learning_rate=0.001, max_depth=9, n_estimators=300; total time=   0.8s
[2024-10-04T06:39:52.010+0000] {logging_mixin.py:188} INFO - [CV] END .learning_rate=0.001, max_depth=9, n_estimators=300; total time=   0.9s
[2024-10-04T06:39:52.945+0000] {logging_mixin.py:188} INFO - [CV] END .learning_rate=0.001, max_depth=9, n_estimators=300; total time=   0.9s
[2024-10-04T06:39:53.728+0000] {logging_mixin.py:188} INFO - [CV] END .learning_rate=0.001, max_depth=9, n_estimators=300; total time=   0.8s
[2024-10-04T06:39:54.606+0000] {logging_mixin.py:188} INFO - [CV] END .learning_rate=0.001, max_depth=9, n_estimators=300; total time=   0.9s
[2024-10-04T06:39:55.478+0000] {logging_mixin.py:188} INFO - [CV] END .learning_rate=0.001, max_depth=9, n_estimators=350; total time=   0.9s
[2024-10-04T06:39:56.488+0000] {logging_mixin.py:188} INFO - [CV] END .learning_rate=0.001, max_depth=9, n_estimators=350; total time=   1.0s
[2024-10-04T06:39:57.551+0000] {logging_mixin.py:188} INFO - [CV] END .learning_rate=0.001, max_depth=9, n_estimators=350; total time=   1.1s
[2024-10-04T06:39:58.486+0000] {logging_mixin.py:188} INFO - [CV] END .learning_rate=0.001, max_depth=9, n_estimators=350; total time=   0.9s
[2024-10-04T06:39:59.480+0000] {logging_mixin.py:188} INFO - [CV] END .learning_rate=0.001, max_depth=9, n_estimators=350; total time=   1.0s
[2024-10-04T06:40:01.007+0000] {logging_mixin.py:188} INFO - [CV] END .learning_rate=0.001, max_depth=9, n_estimators=400; total time=   1.5s
[2024-10-04T06:40:02.751+0000] {logging_mixin.py:188} INFO - [CV] END .learning_rate=0.001, max_depth=9, n_estimators=400; total time=   1.7s
[2024-10-04T06:40:04.218+0000] {logging_mixin.py:188} INFO - [CV] END .learning_rate=0.001, max_depth=9, n_estimators=400; total time=   1.5s
[2024-10-04T06:40:05.542+0000] {logging_mixin.py:188} INFO - [CV] END .learning_rate=0.001, max_depth=9, n_estimators=400; total time=   1.3s
[2024-10-04T06:40:07.082+0000] {logging_mixin.py:188} INFO - [CV] END .learning_rate=0.001, max_depth=9, n_estimators=400; total time=   1.5s
[2024-10-04T06:40:08.293+0000] {logging_mixin.py:188} INFO - [CV] END .learning_rate=0.001, max_depth=9, n_estimators=450; total time=   1.2s
[2024-10-04T06:40:09.838+0000] {logging_mixin.py:188} INFO - [CV] END .learning_rate=0.001, max_depth=9, n_estimators=450; total time=   1.5s
[2024-10-04T06:40:12.419+0000] {logging_mixin.py:188} INFO - [CV] END .learning_rate=0.001, max_depth=9, n_estimators=450; total time=   2.6s
[2024-10-04T06:40:14.485+0000] {logging_mixin.py:188} INFO - [CV] END .learning_rate=0.001, max_depth=9, n_estimators=450; total time=   2.1s
[2024-10-04T06:40:16.739+0000] {logging_mixin.py:188} INFO - [CV] END .learning_rate=0.001, max_depth=9, n_estimators=450; total time=   2.3s
[2024-10-04T06:40:16.931+0000] {logging_mixin.py:188} INFO - [CV] END .learning_rate=0.001, max_depth=11, n_estimators=50; total time=   0.2s
[2024-10-04T06:40:17.154+0000] {logging_mixin.py:188} INFO - [CV] END .learning_rate=0.001, max_depth=11, n_estimators=50; total time=   0.2s
[2024-10-04T06:40:17.334+0000] {logging_mixin.py:188} INFO - [CV] END .learning_rate=0.001, max_depth=11, n_estimators=50; total time=   0.2s
[2024-10-04T06:40:17.513+0000] {logging_mixin.py:188} INFO - [CV] END .learning_rate=0.001, max_depth=11, n_estimators=50; total time=   0.2s
[2024-10-04T06:40:17.719+0000] {logging_mixin.py:188} INFO - [CV] END .learning_rate=0.001, max_depth=11, n_estimators=50; total time=   0.2s
[2024-10-04T06:40:18.100+0000] {logging_mixin.py:188} INFO - [CV] END learning_rate=0.001, max_depth=11, n_estimators=100; total time=   0.4s
[2024-10-04T06:40:18.475+0000] {logging_mixin.py:188} INFO - [CV] END learning_rate=0.001, max_depth=11, n_estimators=100; total time=   0.4s
[2024-10-04T06:40:18.847+0000] {logging_mixin.py:188} INFO - [CV] END learning_rate=0.001, max_depth=11, n_estimators=100; total time=   0.4s
[2024-10-04T06:40:19.289+0000] {logging_mixin.py:188} INFO - [CV] END learning_rate=0.001, max_depth=11, n_estimators=100; total time=   0.4s
[2024-10-04T06:40:19.685+0000] {logging_mixin.py:188} INFO - [CV] END learning_rate=0.001, max_depth=11, n_estimators=100; total time=   0.4s
[2024-10-04T06:40:20.189+0000] {logging_mixin.py:188} INFO - [CV] END learning_rate=0.001, max_depth=11, n_estimators=150; total time=   0.5s
[2024-10-04T06:40:20.794+0000] {logging_mixin.py:188} INFO - [CV] END learning_rate=0.001, max_depth=11, n_estimators=150; total time=   0.6s
[2024-10-04T06:40:21.365+0000] {logging_mixin.py:188} INFO - [CV] END learning_rate=0.001, max_depth=11, n_estimators=150; total time=   0.6s
[2024-10-04T06:40:21.915+0000] {logging_mixin.py:188} INFO - [CV] END learning_rate=0.001, max_depth=11, n_estimators=150; total time=   0.5s
[2024-10-04T06:40:22.542+0000] {logging_mixin.py:188} INFO - [CV] END learning_rate=0.001, max_depth=11, n_estimators=150; total time=   0.6s
[2024-10-04T06:40:23.267+0000] {logging_mixin.py:188} INFO - [CV] END learning_rate=0.001, max_depth=11, n_estimators=200; total time=   0.7s
[2024-10-04T06:40:24.006+0000] {logging_mixin.py:188} INFO - [CV] END learning_rate=0.001, max_depth=11, n_estimators=200; total time=   0.7s
[2024-10-04T06:40:24.822+0000] {logging_mixin.py:188} INFO - [CV] END learning_rate=0.001, max_depth=11, n_estimators=200; total time=   0.8s
[2024-10-04T06:40:25.668+0000] {logging_mixin.py:188} INFO - [CV] END learning_rate=0.001, max_depth=11, n_estimators=200; total time=   0.8s
[2024-10-04T06:40:26.697+0000] {logging_mixin.py:188} INFO - [CV] END learning_rate=0.001, max_depth=11, n_estimators=200; total time=   1.0s
[2024-10-04T06:40:27.806+0000] {logging_mixin.py:188} INFO - [CV] END learning_rate=0.001, max_depth=11, n_estimators=250; total time=   1.1s
[2024-10-04T06:40:29.301+0000] {logging_mixin.py:188} INFO - [CV] END learning_rate=0.001, max_depth=11, n_estimators=250; total time=   1.5s
[2024-10-04T06:40:30.937+0000] {logging_mixin.py:188} INFO - [CV] END learning_rate=0.001, max_depth=11, n_estimators=250; total time=   1.6s
[2024-10-04T06:40:32.421+0000] {logging_mixin.py:188} INFO - [CV] END learning_rate=0.001, max_depth=11, n_estimators=250; total time=   1.5s
[2024-10-04T06:40:33.852+0000] {logging_mixin.py:188} INFO - [CV] END learning_rate=0.001, max_depth=11, n_estimators=250; total time=   1.4s
[2024-10-04T06:40:35.068+0000] {logging_mixin.py:188} INFO - [CV] END learning_rate=0.001, max_depth=11, n_estimators=300; total time=   1.2s
[2024-10-04T06:40:36.391+0000] {logging_mixin.py:188} INFO - [CV] END learning_rate=0.001, max_depth=11, n_estimators=300; total time=   1.3s
[2024-10-04T06:40:38.078+0000] {logging_mixin.py:188} INFO - [CV] END learning_rate=0.001, max_depth=11, n_estimators=300; total time=   1.7s
[2024-10-04T06:40:39.808+0000] {logging_mixin.py:188} INFO - [CV] END learning_rate=0.001, max_depth=11, n_estimators=300; total time=   1.7s
[2024-10-04T06:40:41.440+0000] {logging_mixin.py:188} INFO - [CV] END learning_rate=0.001, max_depth=11, n_estimators=300; total time=   1.6s
[2024-10-04T06:40:42.675+0000] {logging_mixin.py:188} INFO - [CV] END learning_rate=0.001, max_depth=11, n_estimators=350; total time=   1.2s
[2024-10-04T06:40:44.152+0000] {logging_mixin.py:188} INFO - [CV] END learning_rate=0.001, max_depth=11, n_estimators=350; total time=   1.5s
[2024-10-04T06:40:45.178+0000] {local_task_job_runner.py:124} ERROR - Received SIGTERM. Terminating subprocesses
[2024-10-04T06:40:45.183+0000] {process_utils.py:132} INFO - Sending 15 to group 49367. PIDs of all processes in the group: [49367]
[2024-10-04T06:40:45.185+0000] {process_utils.py:87} INFO - Sending the signal 15 to group 49367
[2024-10-04T06:40:45.186+0000] {taskinstance.py:2611} ERROR - Received SIGTERM. Terminating subprocesses.
[2024-10-04T06:40:45.187+0000] {taskinstance.py:441} INFO - ::group::Post task execution logs
[2024-10-04T06:40:45.204+0000] {taskinstance.py:2905} ERROR - Task failed with exception
Traceback (most recent call last):
  File "/home/airflow/.local/lib/python3.10/site-packages/airflow/models/taskinstance.py", line 465, in _execute_task
    result = _execute_callable(context=context, **execute_callable_kwargs)
  File "/home/airflow/.local/lib/python3.10/site-packages/airflow/models/taskinstance.py", line 432, in _execute_callable
    return execute_callable(context=context, **execute_callable_kwargs)
  File "/home/airflow/.local/lib/python3.10/site-packages/airflow/models/baseoperator.py", line 401, in wrapper
    return func(self, *args, **kwargs)
  File "/home/airflow/.local/lib/python3.10/site-packages/airflow/operators/python.py", line 235, in execute
    return_value = self.execute_callable()
  File "/home/airflow/.local/lib/python3.10/site-packages/airflow/operators/python.py", line 252, in execute_callable
    return self.python_callable(*self.op_args, **self.op_kwargs)
  File "/opt/airflow/dags/airflow/dags/.ipynb_checkpoints/hw1-checkpoint.py", line 150, in train_model
    grid_search.fit(X_train, y_train)
  File "/home/airflow/.local/lib/python3.10/site-packages/sklearn/base.py", line 1473, in wrapper
    return fit_method(estimator, *args, **kwargs)
  File "/home/airflow/.local/lib/python3.10/site-packages/sklearn/model_selection/_search.py", line 1018, in fit
    self._run_search(evaluate_candidates)
  File "/home/airflow/.local/lib/python3.10/site-packages/sklearn/model_selection/_search.py", line 1572, in _run_search
    evaluate_candidates(ParameterGrid(self.param_grid))
  File "/home/airflow/.local/lib/python3.10/site-packages/sklearn/model_selection/_search.py", line 964, in evaluate_candidates
    out = parallel(
  File "/home/airflow/.local/lib/python3.10/site-packages/sklearn/utils/parallel.py", line 74, in __call__
    return super().__call__(iterable_with_config)
  File "/home/airflow/.local/lib/python3.10/site-packages/joblib/parallel.py", line 1918, in __call__
    return output if self.return_generator else list(output)
  File "/home/airflow/.local/lib/python3.10/site-packages/joblib/parallel.py", line 1847, in _get_sequential_output
    res = func(*args, **kwargs)
  File "/home/airflow/.local/lib/python3.10/site-packages/sklearn/utils/parallel.py", line 136, in __call__
    return self.function(*args, **kwargs)
  File "/home/airflow/.local/lib/python3.10/site-packages/sklearn/model_selection/_validation.py", line 888, in _fit_and_score
    estimator.fit(X_train, y_train, **fit_params)
  File "/home/airflow/.local/lib/python3.10/site-packages/sklearn/base.py", line 1473, in wrapper
    return fit_method(estimator, *args, **kwargs)
  File "/home/airflow/.local/lib/python3.10/site-packages/sklearn/ensemble/_gb.py", line 783, in fit
    n_stages = self._fit_stages(
  File "/home/airflow/.local/lib/python3.10/site-packages/sklearn/ensemble/_gb.py", line 879, in _fit_stages
    raw_predictions = self._fit_stage(
  File "/home/airflow/.local/lib/python3.10/site-packages/sklearn/ensemble/_gb.py", line 496, in _fit_stage
    _update_terminal_regions(
  File "/home/airflow/.local/lib/python3.10/site-packages/sklearn/ensemble/_gb.py", line 256, in _update_terminal_regions
    update = compute_update(y_, indices, neg_gradient, raw_prediction, k)
  File "/home/airflow/.local/lib/python3.10/site-packages/sklearn/ensemble/_gb.py", line 205, in compute_update
    denominator = np.average(prob * (1 - prob), weights=sw)
  File "/home/airflow/.local/lib/python3.10/site-packages/numpy/lib/function_base.py", line 393, in _average_dispatcher
    def _average_dispatcher(a, axis=None, weights=None, returned=None, *,
  File "/home/airflow/.local/lib/python3.10/site-packages/airflow/models/taskinstance.py", line 2613, in signal_handler
    raise AirflowTaskTerminated("Task received SIGTERM signal")
airflow.exceptions.AirflowTaskTerminated: Task received SIGTERM signal
[2024-10-04T06:40:45.226+0000] {taskinstance.py:1206} INFO - Marking task as FAILED. dag_id=gradient_boosting_classifier_dag, task_id=gbc_train_model, run_id=scheduled__2024-10-03T01:00:00+00:00, execution_date=20241003T010000, start_date=20241004T063850, end_date=20241004T064045
[2024-10-04T06:40:45.267+0000] {logging_mixin.py:188} WARNING - /home/***/.local/lib/python3.10/site-packages/***/utils/email.py:154 RemovedInAirflow3Warning: Fetching SMTP credentials from configuration variables will be deprecated in a future release. Please set credentials using a connection instead.
[2024-10-04T06:40:45.269+0000] {configuration.py:1053} WARNING - section/key [smtp/smtp_user] not found in config
[2024-10-04T06:40:45.270+0000] {email.py:271} INFO - Email alerting: attempt 1
[2024-10-04T06:40:45.281+0000] {configuration.py:1053} WARNING - section/key [smtp/smtp_user] not found in config
[2024-10-04T06:40:45.282+0000] {email.py:271} INFO - Email alerting: attempt 1
[2024-10-04T06:40:45.284+0000] {taskinstance.py:879} ERROR - Failed to send email to: alexvlg34@gmail.com
Traceback (most recent call last):
  File "/home/airflow/.local/lib/python3.10/site-packages/airflow/models/taskinstance.py", line 2479, in _run_raw_task
    self._execute_task_with_callbacks(context, test_mode, session=session)
  File "/home/airflow/.local/lib/python3.10/site-packages/airflow/models/taskinstance.py", line 2676, in _execute_task_with_callbacks
    result = self._execute_task(context, task_orig)
  File "/home/airflow/.local/lib/python3.10/site-packages/airflow/models/taskinstance.py", line 2701, in _execute_task
    return _execute_task(self, context, task_orig)
  File "/home/airflow/.local/lib/python3.10/site-packages/airflow/models/taskinstance.py", line 465, in _execute_task
    result = _execute_callable(context=context, **execute_callable_kwargs)
  File "/home/airflow/.local/lib/python3.10/site-packages/airflow/models/taskinstance.py", line 432, in _execute_callable
    return execute_callable(context=context, **execute_callable_kwargs)
  File "/home/airflow/.local/lib/python3.10/site-packages/airflow/models/baseoperator.py", line 401, in wrapper
    return func(self, *args, **kwargs)
  File "/home/airflow/.local/lib/python3.10/site-packages/airflow/operators/python.py", line 235, in execute
    return_value = self.execute_callable()
  File "/home/airflow/.local/lib/python3.10/site-packages/airflow/operators/python.py", line 252, in execute_callable
    return self.python_callable(*self.op_args, **self.op_kwargs)
  File "/opt/airflow/dags/airflow/dags/.ipynb_checkpoints/hw1-checkpoint.py", line 150, in train_model
    grid_search.fit(X_train, y_train)
  File "/home/airflow/.local/lib/python3.10/site-packages/sklearn/base.py", line 1473, in wrapper
    return fit_method(estimator, *args, **kwargs)
  File "/home/airflow/.local/lib/python3.10/site-packages/sklearn/model_selection/_search.py", line 1018, in fit
    self._run_search(evaluate_candidates)
  File "/home/airflow/.local/lib/python3.10/site-packages/sklearn/model_selection/_search.py", line 1572, in _run_search
    evaluate_candidates(ParameterGrid(self.param_grid))
  File "/home/airflow/.local/lib/python3.10/site-packages/sklearn/model_selection/_search.py", line 964, in evaluate_candidates
    out = parallel(
  File "/home/airflow/.local/lib/python3.10/site-packages/sklearn/utils/parallel.py", line 74, in __call__
    return super().__call__(iterable_with_config)
  File "/home/airflow/.local/lib/python3.10/site-packages/joblib/parallel.py", line 1918, in __call__
    return output if self.return_generator else list(output)
  File "/home/airflow/.local/lib/python3.10/site-packages/joblib/parallel.py", line 1847, in _get_sequential_output
    res = func(*args, **kwargs)
  File "/home/airflow/.local/lib/python3.10/site-packages/sklearn/utils/parallel.py", line 136, in __call__
    return self.function(*args, **kwargs)
  File "/home/airflow/.local/lib/python3.10/site-packages/sklearn/model_selection/_validation.py", line 888, in _fit_and_score
    estimator.fit(X_train, y_train, **fit_params)
  File "/home/airflow/.local/lib/python3.10/site-packages/sklearn/base.py", line 1473, in wrapper
    return fit_method(estimator, *args, **kwargs)
  File "/home/airflow/.local/lib/python3.10/site-packages/sklearn/ensemble/_gb.py", line 783, in fit
    n_stages = self._fit_stages(
  File "/home/airflow/.local/lib/python3.10/site-packages/sklearn/ensemble/_gb.py", line 879, in _fit_stages
    raw_predictions = self._fit_stage(
  File "/home/airflow/.local/lib/python3.10/site-packages/sklearn/ensemble/_gb.py", line 496, in _fit_stage
    _update_terminal_regions(
  File "/home/airflow/.local/lib/python3.10/site-packages/sklearn/ensemble/_gb.py", line 256, in _update_terminal_regions
    update = compute_update(y_, indices, neg_gradient, raw_prediction, k)
  File "/home/airflow/.local/lib/python3.10/site-packages/sklearn/ensemble/_gb.py", line 205, in compute_update
    denominator = np.average(prob * (1 - prob), weights=sw)
  File "/home/airflow/.local/lib/python3.10/site-packages/numpy/lib/function_base.py", line 393, in _average_dispatcher
    def _average_dispatcher(a, axis=None, weights=None, returned=None, *,
  File "/home/airflow/.local/lib/python3.10/site-packages/airflow/models/taskinstance.py", line 2613, in signal_handler
    raise AirflowTaskTerminated("Task received SIGTERM signal")
airflow.exceptions.AirflowTaskTerminated: Task received SIGTERM signal

During handling of the above exception, another exception occurred:

Traceback (most recent call last):
  File "/home/airflow/.local/lib/python3.10/site-packages/airflow/models/taskinstance.py", line 1063, in _email_alert
    send_email(task.email, subject, html_content)
  File "/home/airflow/.local/lib/python3.10/site-packages/airflow/utils/email.py", line 80, in send_email
    return backend(
  File "/home/airflow/.local/lib/python3.10/site-packages/airflow/utils/email.py", line 154, in send_email_smtp
    send_mime_email(e_from=mail_from, e_to=recipients, mime_msg=msg, conn_id=conn_id, dryrun=dryrun)
  File "/home/airflow/.local/lib/python3.10/site-packages/airflow/utils/email.py", line 273, in send_mime_email
    smtp_conn = _get_smtp_connection(smtp_host, smtp_port, smtp_timeout, smtp_ssl)
  File "/home/airflow/.local/lib/python3.10/site-packages/airflow/utils/email.py", line 317, in _get_smtp_connection
    return smtplib.SMTP(host=host, port=port, timeout=timeout)
  File "/usr/local/lib/python3.10/smtplib.py", line 255, in __init__
    (code, msg) = self.connect(host, port)
  File "/usr/local/lib/python3.10/smtplib.py", line 341, in connect
    self.sock = self._get_socket(host, port, self.timeout)
  File "/usr/local/lib/python3.10/smtplib.py", line 312, in _get_socket
    return socket.create_connection((host, port), timeout,
  File "/usr/local/lib/python3.10/socket.py", line 845, in create_connection
    raise err
  File "/usr/local/lib/python3.10/socket.py", line 833, in create_connection
    sock.connect(sa)
ConnectionRefusedError: [Errno 111] Connection refused

During handling of the above exception, another exception occurred:

Traceback (most recent call last):
  File "/home/airflow/.local/lib/python3.10/site-packages/airflow/models/taskinstance.py", line 877, in _handle_failure
    task_instance.email_alert(error, failure_context["task"])
  File "/home/airflow/.local/lib/python3.10/site-packages/airflow/models/taskinstance.py", line 3163, in email_alert
    _email_alert(task_instance=self, exception=exception, task=task)
  File "/home/airflow/.local/lib/python3.10/site-packages/airflow/models/taskinstance.py", line 1065, in _email_alert
    send_email(task.email, subject, html_content_err)
  File "/home/airflow/.local/lib/python3.10/site-packages/airflow/utils/email.py", line 80, in send_email
    return backend(
  File "/home/airflow/.local/lib/python3.10/site-packages/airflow/utils/email.py", line 154, in send_email_smtp
    send_mime_email(e_from=mail_from, e_to=recipients, mime_msg=msg, conn_id=conn_id, dryrun=dryrun)
  File "/home/airflow/.local/lib/python3.10/site-packages/airflow/utils/email.py", line 273, in send_mime_email
    smtp_conn = _get_smtp_connection(smtp_host, smtp_port, smtp_timeout, smtp_ssl)
  File "/home/airflow/.local/lib/python3.10/site-packages/airflow/utils/email.py", line 317, in _get_smtp_connection
    return smtplib.SMTP(host=host, port=port, timeout=timeout)
  File "/usr/local/lib/python3.10/smtplib.py", line 255, in __init__
    (code, msg) = self.connect(host, port)
  File "/usr/local/lib/python3.10/smtplib.py", line 341, in connect
    self.sock = self._get_socket(host, port, self.timeout)
  File "/usr/local/lib/python3.10/smtplib.py", line 312, in _get_socket
    return socket.create_connection((host, port), timeout,
  File "/usr/local/lib/python3.10/socket.py", line 845, in create_connection
    raise err
  File "/usr/local/lib/python3.10/socket.py", line 833, in create_connection
    sock.connect(sa)
ConnectionRefusedError: [Errno 111] Connection refused
[2024-10-04T06:40:45.359+0000] {process_utils.py:80} INFO - Process psutil.Process(pid=49367, status='terminated', exitcode=2, started='06:38:49') (49367) terminated with exit code 2
[2024-10-04T06:40:45.360+0000] {local_task_job_runner.py:243} INFO - Task exited with return code 143
[2024-10-04T06:40:45.389+0000] {taskinstance.py:3503} INFO - 0 downstream tasks scheduled from follow-on schedule check
[2024-10-04T06:40:46.689+0000] {local_task_job_runner.py:222} INFO - ::endgroup::
