[2024-10-03T08:41:01.882+0000] {local_task_job_runner.py:120} INFO - ::group::Pre task execution logs
[2024-10-03T08:41:01.895+0000] {taskinstance.py:2076} INFO - Dependencies all met for dep_context=non-requeueable deps ti=<TaskInstance: random_forest_classifier_dag.rfc_train_model scheduled__2024-10-02T01:00:00+00:00 [queued]>
[2024-10-03T08:41:01.902+0000] {taskinstance.py:2076} INFO - Dependencies all met for dep_context=requeueable deps ti=<TaskInstance: random_forest_classifier_dag.rfc_train_model scheduled__2024-10-02T01:00:00+00:00 [queued]>
[2024-10-03T08:41:01.903+0000] {taskinstance.py:2306} INFO - Starting attempt 1 of 1
[2024-10-03T08:41:01.913+0000] {taskinstance.py:2330} INFO - Executing <Task(PythonOperator): rfc_train_model> on 2024-10-02 01:00:00+00:00
[2024-10-03T08:41:01.921+0000] {standard_task_runner.py:64} INFO - Started process 642 to run task
[2024-10-03T08:41:01.923+0000] {standard_task_runner.py:90} INFO - Running: ['***', 'tasks', 'run', 'random_forest_classifier_dag', 'rfc_train_model', 'scheduled__2024-10-02T01:00:00+00:00', '--job-id', '760', '--raw', '--subdir', 'DAGS_FOLDER/***/dags/hw1.py', '--cfg-path', '/tmp/tmpxype4z6z']
[2024-10-03T08:41:01.925+0000] {standard_task_runner.py:91} INFO - Job 760: Subtask rfc_train_model
[2024-10-03T08:41:01.962+0000] {task_command.py:426} INFO - Running <TaskInstance: random_forest_classifier_dag.rfc_train_model scheduled__2024-10-02T01:00:00+00:00 [running]> on host 4b5f1410d111
[2024-10-03T08:41:02.027+0000] {taskinstance.py:2648} INFO - Exporting env vars: AIRFLOW_CTX_DAG_EMAIL='alexvlg34@gmail.com' AIRFLOW_CTX_DAG_OWNER='Alex Trigolos' AIRFLOW_CTX_DAG_ID='random_forest_classifier_dag' AIRFLOW_CTX_TASK_ID='rfc_train_model' AIRFLOW_CTX_EXECUTION_DATE='2024-10-02T01:00:00+00:00' AIRFLOW_CTX_TRY_NUMBER='1' AIRFLOW_CTX_DAG_RUN_ID='scheduled__2024-10-02T01:00:00+00:00'
[2024-10-03T08:41:02.028+0000] {taskinstance.py:430} INFO - ::endgroup::
[2024-10-03T08:41:02.037+0000] {hw1.py:137} INFO - Train model...
[2024-10-03T08:41:02.038+0000] {s3.py:1422} INFO - Downloading source S3 file from Bucket testmlops with path AlexTrigolos/RandomForestClassifier/datasets/X_train.pkl
[2024-10-03T08:41:02.046+0000] {base.py:84} INFO - Using connection ID 's3_connection' for task execution.
[2024-10-03T08:41:02.047+0000] {connection_wrapper.py:388} INFO - AWS Connection (conn_id='s3_connection', conn_type='aws') credentials retrieved from login and password.
[2024-10-03T08:41:02.441+0000] {hw1.py:78} INFO - /tmp/***_tmp_xy57sv6a
[2024-10-03T08:41:02.444+0000] {s3.py:1422} INFO - Downloading source S3 file from Bucket testmlops with path AlexTrigolos/RandomForestClassifier/datasets/X_test.pkl
[2024-10-03T08:41:02.450+0000] {base.py:84} INFO - Using connection ID 's3_connection' for task execution.
[2024-10-03T08:41:02.452+0000] {connection_wrapper.py:388} INFO - AWS Connection (conn_id='s3_connection', conn_type='aws') credentials retrieved from login and password.
[2024-10-03T08:41:02.609+0000] {hw1.py:78} INFO - /tmp/***_tmp_fg9g037a
[2024-10-03T08:41:02.611+0000] {s3.py:1422} INFO - Downloading source S3 file from Bucket testmlops with path AlexTrigolos/RandomForestClassifier/datasets/y_train.pkl
[2024-10-03T08:41:02.617+0000] {base.py:84} INFO - Using connection ID 's3_connection' for task execution.
[2024-10-03T08:41:02.618+0000] {connection_wrapper.py:388} INFO - AWS Connection (conn_id='s3_connection', conn_type='aws') credentials retrieved from login and password.
[2024-10-03T08:41:02.874+0000] {hw1.py:78} INFO - /tmp/***_tmp_w3i8l0qy
[2024-10-03T08:41:02.876+0000] {s3.py:1422} INFO - Downloading source S3 file from Bucket testmlops with path AlexTrigolos/RandomForestClassifier/datasets/y_test.pkl
[2024-10-03T08:41:02.882+0000] {base.py:84} INFO - Using connection ID 's3_connection' for task execution.
[2024-10-03T08:41:02.883+0000] {connection_wrapper.py:388} INFO - AWS Connection (conn_id='s3_connection', conn_type='aws') credentials retrieved from login and password.
[2024-10-03T08:41:03.313+0000] {hw1.py:78} INFO - /tmp/***_tmp_2kruk__v
[2024-10-03T08:41:03.320+0000] {logging_mixin.py:188} INFO - Fitting 5 folds for each of 1071 candidates, totalling 5355 fits
[2024-10-03T08:41:03.325+0000] {logging_mixin.py:188} INFO - [CV] END max_depth=None, min_samples_split=1, n_estimators=50; total time=   0.0s
[2024-10-03T08:41:03.327+0000] {logging_mixin.py:188} INFO - [CV] END max_depth=None, min_samples_split=1, n_estimators=50; total time=   0.0s
[2024-10-03T08:41:03.329+0000] {logging_mixin.py:188} INFO - [CV] END max_depth=None, min_samples_split=1, n_estimators=50; total time=   0.0s
[2024-10-03T08:41:03.330+0000] {logging_mixin.py:188} INFO - [CV] END max_depth=None, min_samples_split=1, n_estimators=50; total time=   0.0s
[2024-10-03T08:41:03.332+0000] {logging_mixin.py:188} INFO - [CV] END max_depth=None, min_samples_split=1, n_estimators=50; total time=   0.0s
[2024-10-03T08:41:03.333+0000] {logging_mixin.py:188} INFO - [CV] END max_depth=None, min_samples_split=1, n_estimators=100; total time=   0.0s
[2024-10-03T08:41:03.334+0000] {logging_mixin.py:188} INFO - [CV] END max_depth=None, min_samples_split=1, n_estimators=100; total time=   0.0s
[2024-10-03T08:41:03.336+0000] {logging_mixin.py:188} INFO - [CV] END max_depth=None, min_samples_split=1, n_estimators=100; total time=   0.0s
[2024-10-03T08:41:03.337+0000] {logging_mixin.py:188} INFO - [CV] END max_depth=None, min_samples_split=1, n_estimators=100; total time=   0.0s
[2024-10-03T08:41:03.338+0000] {logging_mixin.py:188} INFO - [CV] END max_depth=None, min_samples_split=1, n_estimators=100; total time=   0.0s
[2024-10-03T08:41:03.340+0000] {logging_mixin.py:188} INFO - [CV] END max_depth=None, min_samples_split=1, n_estimators=150; total time=   0.0s
[2024-10-03T08:41:03.341+0000] {logging_mixin.py:188} INFO - [CV] END max_depth=None, min_samples_split=1, n_estimators=150; total time=   0.0s
[2024-10-03T08:41:03.342+0000] {logging_mixin.py:188} INFO - [CV] END max_depth=None, min_samples_split=1, n_estimators=150; total time=   0.0s
[2024-10-03T08:41:03.344+0000] {logging_mixin.py:188} INFO - [CV] END max_depth=None, min_samples_split=1, n_estimators=150; total time=   0.0s
[2024-10-03T08:41:03.345+0000] {logging_mixin.py:188} INFO - [CV] END max_depth=None, min_samples_split=1, n_estimators=150; total time=   0.0s
[2024-10-03T08:41:03.346+0000] {logging_mixin.py:188} INFO - [CV] END max_depth=None, min_samples_split=1, n_estimators=200; total time=   0.0s
[2024-10-03T08:41:03.348+0000] {logging_mixin.py:188} INFO - [CV] END max_depth=None, min_samples_split=1, n_estimators=200; total time=   0.0s
[2024-10-03T08:41:03.349+0000] {logging_mixin.py:188} INFO - [CV] END max_depth=None, min_samples_split=1, n_estimators=200; total time=   0.0s
[2024-10-03T08:41:03.351+0000] {logging_mixin.py:188} INFO - [CV] END max_depth=None, min_samples_split=1, n_estimators=200; total time=   0.0s
[2024-10-03T08:41:03.353+0000] {logging_mixin.py:188} INFO - [CV] END max_depth=None, min_samples_split=1, n_estimators=200; total time=   0.0s
[2024-10-03T08:41:03.354+0000] {logging_mixin.py:188} INFO - [CV] END max_depth=None, min_samples_split=1, n_estimators=250; total time=   0.0s
[2024-10-03T08:41:03.355+0000] {logging_mixin.py:188} INFO - [CV] END max_depth=None, min_samples_split=1, n_estimators=250; total time=   0.0s
[2024-10-03T08:41:03.356+0000] {logging_mixin.py:188} INFO - [CV] END max_depth=None, min_samples_split=1, n_estimators=250; total time=   0.0s
[2024-10-03T08:41:03.358+0000] {logging_mixin.py:188} INFO - [CV] END max_depth=None, min_samples_split=1, n_estimators=250; total time=   0.0s
[2024-10-03T08:41:03.359+0000] {logging_mixin.py:188} INFO - [CV] END max_depth=None, min_samples_split=1, n_estimators=250; total time=   0.0s
[2024-10-03T08:41:03.360+0000] {logging_mixin.py:188} INFO - [CV] END max_depth=None, min_samples_split=1, n_estimators=300; total time=   0.0s
[2024-10-03T08:41:03.362+0000] {logging_mixin.py:188} INFO - [CV] END max_depth=None, min_samples_split=1, n_estimators=300; total time=   0.0s
[2024-10-03T08:41:03.363+0000] {logging_mixin.py:188} INFO - [CV] END max_depth=None, min_samples_split=1, n_estimators=300; total time=   0.0s
[2024-10-03T08:41:03.364+0000] {logging_mixin.py:188} INFO - [CV] END max_depth=None, min_samples_split=1, n_estimators=300; total time=   0.0s
[2024-10-03T08:41:03.366+0000] {logging_mixin.py:188} INFO - [CV] END max_depth=None, min_samples_split=1, n_estimators=300; total time=   0.0s
[2024-10-03T08:41:03.367+0000] {logging_mixin.py:188} INFO - [CV] END max_depth=None, min_samples_split=1, n_estimators=350; total time=   0.0s
[2024-10-03T08:41:03.369+0000] {logging_mixin.py:188} INFO - [CV] END max_depth=None, min_samples_split=1, n_estimators=350; total time=   0.0s
[2024-10-03T08:41:03.370+0000] {logging_mixin.py:188} INFO - [CV] END max_depth=None, min_samples_split=1, n_estimators=350; total time=   0.0s
[2024-10-03T08:41:03.371+0000] {logging_mixin.py:188} INFO - [CV] END max_depth=None, min_samples_split=1, n_estimators=350; total time=   0.0s
[2024-10-03T08:41:03.372+0000] {logging_mixin.py:188} INFO - [CV] END max_depth=None, min_samples_split=1, n_estimators=350; total time=   0.0s
[2024-10-03T08:41:03.374+0000] {logging_mixin.py:188} INFO - [CV] END max_depth=None, min_samples_split=1, n_estimators=400; total time=   0.0s
[2024-10-03T08:41:03.375+0000] {logging_mixin.py:188} INFO - [CV] END max_depth=None, min_samples_split=1, n_estimators=400; total time=   0.0s
[2024-10-03T08:41:03.376+0000] {logging_mixin.py:188} INFO - [CV] END max_depth=None, min_samples_split=1, n_estimators=400; total time=   0.0s
[2024-10-03T08:41:03.377+0000] {logging_mixin.py:188} INFO - [CV] END max_depth=None, min_samples_split=1, n_estimators=400; total time=   0.0s
[2024-10-03T08:41:03.378+0000] {logging_mixin.py:188} INFO - [CV] END max_depth=None, min_samples_split=1, n_estimators=400; total time=   0.0s
[2024-10-03T08:41:03.380+0000] {logging_mixin.py:188} INFO - [CV] END max_depth=None, min_samples_split=1, n_estimators=450; total time=   0.0s
[2024-10-03T08:41:03.381+0000] {logging_mixin.py:188} INFO - [CV] END max_depth=None, min_samples_split=1, n_estimators=450; total time=   0.0s
[2024-10-03T08:41:03.382+0000] {logging_mixin.py:188} INFO - [CV] END max_depth=None, min_samples_split=1, n_estimators=450; total time=   0.0s
[2024-10-03T08:41:03.384+0000] {logging_mixin.py:188} INFO - [CV] END max_depth=None, min_samples_split=1, n_estimators=450; total time=   0.0s
[2024-10-03T08:41:03.385+0000] {logging_mixin.py:188} INFO - [CV] END max_depth=None, min_samples_split=1, n_estimators=450; total time=   0.0s
[2024-10-03T08:41:03.444+0000] {logging_mixin.py:188} INFO - [CV] END max_depth=None, min_samples_split=2, n_estimators=50; total time=   0.1s
[2024-10-03T08:41:03.496+0000] {logging_mixin.py:188} INFO - [CV] END max_depth=None, min_samples_split=2, n_estimators=50; total time=   0.1s
[2024-10-03T08:41:03.553+0000] {logging_mixin.py:188} INFO - [CV] END max_depth=None, min_samples_split=2, n_estimators=50; total time=   0.1s
[2024-10-03T08:41:03.613+0000] {logging_mixin.py:188} INFO - [CV] END max_depth=None, min_samples_split=2, n_estimators=50; total time=   0.1s
[2024-10-03T08:41:03.669+0000] {logging_mixin.py:188} INFO - [CV] END max_depth=None, min_samples_split=2, n_estimators=50; total time=   0.1s
[2024-10-03T08:41:03.786+0000] {logging_mixin.py:188} INFO - [CV] END max_depth=None, min_samples_split=2, n_estimators=100; total time=   0.1s
[2024-10-03T08:41:03.884+0000] {logging_mixin.py:188} INFO - [CV] END max_depth=None, min_samples_split=2, n_estimators=100; total time=   0.1s
[2024-10-03T08:41:03.981+0000] {logging_mixin.py:188} INFO - [CV] END max_depth=None, min_samples_split=2, n_estimators=100; total time=   0.1s
[2024-10-03T08:41:04.092+0000] {logging_mixin.py:188} INFO - [CV] END max_depth=None, min_samples_split=2, n_estimators=100; total time=   0.1s
[2024-10-03T08:41:04.217+0000] {logging_mixin.py:188} INFO - [CV] END max_depth=None, min_samples_split=2, n_estimators=100; total time=   0.1s
[2024-10-03T08:41:04.373+0000] {logging_mixin.py:188} INFO - [CV] END max_depth=None, min_samples_split=2, n_estimators=150; total time=   0.2s
[2024-10-03T08:41:04.537+0000] {logging_mixin.py:188} INFO - [CV] END max_depth=None, min_samples_split=2, n_estimators=150; total time=   0.2s
[2024-10-03T08:41:04.688+0000] {logging_mixin.py:188} INFO - [CV] END max_depth=None, min_samples_split=2, n_estimators=150; total time=   0.1s
[2024-10-03T08:41:04.837+0000] {logging_mixin.py:188} INFO - [CV] END max_depth=None, min_samples_split=2, n_estimators=150; total time=   0.1s
[2024-10-03T08:41:04.984+0000] {logging_mixin.py:188} INFO - [CV] END max_depth=None, min_samples_split=2, n_estimators=150; total time=   0.1s
[2024-10-03T08:41:05.190+0000] {logging_mixin.py:188} INFO - [CV] END max_depth=None, min_samples_split=2, n_estimators=200; total time=   0.2s
[2024-10-03T08:41:05.391+0000] {logging_mixin.py:188} INFO - [CV] END max_depth=None, min_samples_split=2, n_estimators=200; total time=   0.2s
[2024-10-03T08:41:05.593+0000] {logging_mixin.py:188} INFO - [CV] END max_depth=None, min_samples_split=2, n_estimators=200; total time=   0.2s
[2024-10-03T08:41:05.816+0000] {logging_mixin.py:188} INFO - [CV] END max_depth=None, min_samples_split=2, n_estimators=200; total time=   0.2s
[2024-10-03T08:41:06.012+0000] {logging_mixin.py:188} INFO - [CV] END max_depth=None, min_samples_split=2, n_estimators=200; total time=   0.2s
[2024-10-03T08:41:06.264+0000] {logging_mixin.py:188} INFO - [CV] END max_depth=None, min_samples_split=2, n_estimators=250; total time=   0.3s
[2024-10-03T08:41:06.523+0000] {logging_mixin.py:188} INFO - [CV] END max_depth=None, min_samples_split=2, n_estimators=250; total time=   0.3s
[2024-10-03T08:41:06.777+0000] {logging_mixin.py:188} INFO - [CV] END max_depth=None, min_samples_split=2, n_estimators=250; total time=   0.3s
[2024-10-03T08:41:07.026+0000] {logging_mixin.py:188} INFO - [CV] END max_depth=None, min_samples_split=2, n_estimators=250; total time=   0.2s
[2024-10-03T08:41:07.264+0000] {logging_mixin.py:188} INFO - [CV] END max_depth=None, min_samples_split=2, n_estimators=250; total time=   0.2s
[2024-10-03T08:41:07.555+0000] {logging_mixin.py:188} INFO - [CV] END max_depth=None, min_samples_split=2, n_estimators=300; total time=   0.3s
[2024-10-03T08:41:07.926+0000] {logging_mixin.py:188} INFO - [CV] END max_depth=None, min_samples_split=2, n_estimators=300; total time=   0.4s
[2024-10-03T08:41:08.219+0000] {logging_mixin.py:188} INFO - [CV] END max_depth=None, min_samples_split=2, n_estimators=300; total time=   0.3s
[2024-10-03T08:41:08.508+0000] {logging_mixin.py:188} INFO - [CV] END max_depth=None, min_samples_split=2, n_estimators=300; total time=   0.3s
[2024-10-03T08:41:08.805+0000] {logging_mixin.py:188} INFO - [CV] END max_depth=None, min_samples_split=2, n_estimators=300; total time=   0.3s
[2024-10-03T08:41:09.190+0000] {logging_mixin.py:188} INFO - [CV] END max_depth=None, min_samples_split=2, n_estimators=350; total time=   0.4s
[2024-10-03T08:41:09.270+0000] {local_task_job_runner.py:124} ERROR - Received SIGTERM. Terminating subprocesses
[2024-10-03T08:41:09.275+0000] {process_utils.py:132} INFO - Sending 15 to group 642. PIDs of all processes in the group: [642]
[2024-10-03T08:41:09.277+0000] {process_utils.py:87} INFO - Sending the signal 15 to group 642
[2024-10-03T08:41:09.277+0000] {taskinstance.py:2611} ERROR - Received SIGTERM. Terminating subprocesses.
[2024-10-03T08:41:09.285+0000] {taskinstance.py:441} INFO - ::group::Post task execution logs
[2024-10-03T08:41:09.298+0000] {taskinstance.py:2905} ERROR - Task failed with exception
Traceback (most recent call last):
  File "/home/airflow/.local/lib/python3.10/site-packages/airflow/models/taskinstance.py", line 465, in _execute_task
    result = _execute_callable(context=context, **execute_callable_kwargs)
  File "/home/airflow/.local/lib/python3.10/site-packages/airflow/models/taskinstance.py", line 432, in _execute_callable
    return execute_callable(context=context, **execute_callable_kwargs)
  File "/home/airflow/.local/lib/python3.10/site-packages/airflow/models/baseoperator.py", line 401, in wrapper
    return func(self, *args, **kwargs)
  File "/home/airflow/.local/lib/python3.10/site-packages/airflow/operators/python.py", line 235, in execute
    return_value = self.execute_callable()
  File "/home/airflow/.local/lib/python3.10/site-packages/airflow/operators/python.py", line 252, in execute_callable
    return self.python_callable(*self.op_args, **self.op_kwargs)
  File "/opt/airflow/dags/airflow/dags/hw1.py", line 150, in train_model
    grid_search.fit(X_train, y_train)
  File "/home/airflow/.local/lib/python3.10/site-packages/sklearn/base.py", line 1473, in wrapper
    return fit_method(estimator, *args, **kwargs)
  File "/home/airflow/.local/lib/python3.10/site-packages/sklearn/model_selection/_search.py", line 1018, in fit
    self._run_search(evaluate_candidates)
  File "/home/airflow/.local/lib/python3.10/site-packages/sklearn/model_selection/_search.py", line 1572, in _run_search
    evaluate_candidates(ParameterGrid(self.param_grid))
  File "/home/airflow/.local/lib/python3.10/site-packages/sklearn/model_selection/_search.py", line 964, in evaluate_candidates
    out = parallel(
  File "/home/airflow/.local/lib/python3.10/site-packages/sklearn/utils/parallel.py", line 74, in __call__
    return super().__call__(iterable_with_config)
  File "/home/airflow/.local/lib/python3.10/site-packages/joblib/parallel.py", line 1918, in __call__
    return output if self.return_generator else list(output)
  File "/home/airflow/.local/lib/python3.10/site-packages/joblib/parallel.py", line 1847, in _get_sequential_output
    res = func(*args, **kwargs)
  File "/home/airflow/.local/lib/python3.10/site-packages/sklearn/utils/parallel.py", line 136, in __call__
    return self.function(*args, **kwargs)
  File "/home/airflow/.local/lib/python3.10/site-packages/sklearn/model_selection/_validation.py", line 888, in _fit_and_score
    estimator.fit(X_train, y_train, **fit_params)
  File "/home/airflow/.local/lib/python3.10/site-packages/sklearn/base.py", line 1473, in wrapper
    return fit_method(estimator, *args, **kwargs)
  File "/home/airflow/.local/lib/python3.10/site-packages/sklearn/ensemble/_forest.py", line 478, in fit
    trees = [
  File "/home/airflow/.local/lib/python3.10/site-packages/sklearn/ensemble/_forest.py", line 479, in <listcomp>
    self._make_estimator(append=False, random_state=random_state)
  File "/home/airflow/.local/lib/python3.10/site-packages/sklearn/ensemble/_base.py", line 149, in _make_estimator
    _set_random_states(estimator, random_state)
  File "/home/airflow/.local/lib/python3.10/site-packages/sklearn/ensemble/_base.py", line 74, in _set_random_states
    for key in sorted(estimator.get_params(deep=True)):
  File "/home/airflow/.local/lib/python3.10/site-packages/sklearn/base.py", line 243, in get_params
    for key in self._get_param_names():
  File "/home/airflow/.local/lib/python3.10/site-packages/sklearn/base.py", line 208, in _get_param_names
    init_signature = inspect.signature(init)
  File "/usr/local/lib/python3.10/inspect.py", line 3254, in signature
    return Signature.from_callable(obj, follow_wrapped=follow_wrapped,
  File "/usr/local/lib/python3.10/inspect.py", line 3002, in from_callable
    return _signature_from_callable(obj, sigcls=cls,
  File "/usr/local/lib/python3.10/inspect.py", line 2463, in _signature_from_callable
    return _signature_from_function(sigcls, obj,
  File "/usr/local/lib/python3.10/inspect.py", line 2307, in _signature_from_function
    annotations = get_annotations(func, globals=globals, locals=locals, eval_str=eval_str)
  File "/usr/local/lib/python3.10/inspect.py", line 129, in get_annotations
    elif isinstance(obj, types.ModuleType):
  File "/home/airflow/.local/lib/python3.10/site-packages/airflow/models/taskinstance.py", line 2613, in signal_handler
    raise AirflowTaskTerminated("Task received SIGTERM signal")
airflow.exceptions.AirflowTaskTerminated: Task received SIGTERM signal
[2024-10-03T08:41:09.311+0000] {taskinstance.py:1206} INFO - Marking task as FAILED. dag_id=random_forest_classifier_dag, task_id=rfc_train_model, run_id=scheduled__2024-10-02T01:00:00+00:00, execution_date=20241002T010000, start_date=20241003T084101, end_date=20241003T084109
[2024-10-03T08:41:09.325+0000] {logging_mixin.py:188} WARNING - /home/***/.local/lib/python3.10/site-packages/***/utils/email.py:154 RemovedInAirflow3Warning: Fetching SMTP credentials from configuration variables will be deprecated in a future release. Please set credentials using a connection instead.
[2024-10-03T08:41:09.326+0000] {configuration.py:1053} WARNING - section/key [smtp/smtp_user] not found in config
[2024-10-03T08:41:09.326+0000] {email.py:271} INFO - Email alerting: attempt 1
[2024-10-03T08:41:09.332+0000] {configuration.py:1053} WARNING - section/key [smtp/smtp_user] not found in config
[2024-10-03T08:41:09.333+0000] {email.py:271} INFO - Email alerting: attempt 1
[2024-10-03T08:41:09.333+0000] {taskinstance.py:879} ERROR - Failed to send email to: alexvlg34@gmail.com
Traceback (most recent call last):
  File "/home/airflow/.local/lib/python3.10/site-packages/airflow/models/taskinstance.py", line 2479, in _run_raw_task
    self._execute_task_with_callbacks(context, test_mode, session=session)
  File "/home/airflow/.local/lib/python3.10/site-packages/airflow/models/taskinstance.py", line 2676, in _execute_task_with_callbacks
    result = self._execute_task(context, task_orig)
  File "/home/airflow/.local/lib/python3.10/site-packages/airflow/models/taskinstance.py", line 2701, in _execute_task
    return _execute_task(self, context, task_orig)
  File "/home/airflow/.local/lib/python3.10/site-packages/airflow/models/taskinstance.py", line 465, in _execute_task
    result = _execute_callable(context=context, **execute_callable_kwargs)
  File "/home/airflow/.local/lib/python3.10/site-packages/airflow/models/taskinstance.py", line 432, in _execute_callable
    return execute_callable(context=context, **execute_callable_kwargs)
  File "/home/airflow/.local/lib/python3.10/site-packages/airflow/models/baseoperator.py", line 401, in wrapper
    return func(self, *args, **kwargs)
  File "/home/airflow/.local/lib/python3.10/site-packages/airflow/operators/python.py", line 235, in execute
    return_value = self.execute_callable()
  File "/home/airflow/.local/lib/python3.10/site-packages/airflow/operators/python.py", line 252, in execute_callable
    return self.python_callable(*self.op_args, **self.op_kwargs)
  File "/opt/airflow/dags/airflow/dags/hw1.py", line 150, in train_model
    grid_search.fit(X_train, y_train)
  File "/home/airflow/.local/lib/python3.10/site-packages/sklearn/base.py", line 1473, in wrapper
    return fit_method(estimator, *args, **kwargs)
  File "/home/airflow/.local/lib/python3.10/site-packages/sklearn/model_selection/_search.py", line 1018, in fit
    self._run_search(evaluate_candidates)
  File "/home/airflow/.local/lib/python3.10/site-packages/sklearn/model_selection/_search.py", line 1572, in _run_search
    evaluate_candidates(ParameterGrid(self.param_grid))
  File "/home/airflow/.local/lib/python3.10/site-packages/sklearn/model_selection/_search.py", line 964, in evaluate_candidates
    out = parallel(
  File "/home/airflow/.local/lib/python3.10/site-packages/sklearn/utils/parallel.py", line 74, in __call__
    return super().__call__(iterable_with_config)
  File "/home/airflow/.local/lib/python3.10/site-packages/joblib/parallel.py", line 1918, in __call__
    return output if self.return_generator else list(output)
  File "/home/airflow/.local/lib/python3.10/site-packages/joblib/parallel.py", line 1847, in _get_sequential_output
    res = func(*args, **kwargs)
  File "/home/airflow/.local/lib/python3.10/site-packages/sklearn/utils/parallel.py", line 136, in __call__
    return self.function(*args, **kwargs)
  File "/home/airflow/.local/lib/python3.10/site-packages/sklearn/model_selection/_validation.py", line 888, in _fit_and_score
    estimator.fit(X_train, y_train, **fit_params)
  File "/home/airflow/.local/lib/python3.10/site-packages/sklearn/base.py", line 1473, in wrapper
    return fit_method(estimator, *args, **kwargs)
  File "/home/airflow/.local/lib/python3.10/site-packages/sklearn/ensemble/_forest.py", line 478, in fit
    trees = [
  File "/home/airflow/.local/lib/python3.10/site-packages/sklearn/ensemble/_forest.py", line 479, in <listcomp>
    self._make_estimator(append=False, random_state=random_state)
  File "/home/airflow/.local/lib/python3.10/site-packages/sklearn/ensemble/_base.py", line 149, in _make_estimator
    _set_random_states(estimator, random_state)
  File "/home/airflow/.local/lib/python3.10/site-packages/sklearn/ensemble/_base.py", line 74, in _set_random_states
    for key in sorted(estimator.get_params(deep=True)):
  File "/home/airflow/.local/lib/python3.10/site-packages/sklearn/base.py", line 243, in get_params
    for key in self._get_param_names():
  File "/home/airflow/.local/lib/python3.10/site-packages/sklearn/base.py", line 208, in _get_param_names
    init_signature = inspect.signature(init)
  File "/usr/local/lib/python3.10/inspect.py", line 3254, in signature
    return Signature.from_callable(obj, follow_wrapped=follow_wrapped,
  File "/usr/local/lib/python3.10/inspect.py", line 3002, in from_callable
    return _signature_from_callable(obj, sigcls=cls,
  File "/usr/local/lib/python3.10/inspect.py", line 2463, in _signature_from_callable
    return _signature_from_function(sigcls, obj,
  File "/usr/local/lib/python3.10/inspect.py", line 2307, in _signature_from_function
    annotations = get_annotations(func, globals=globals, locals=locals, eval_str=eval_str)
  File "/usr/local/lib/python3.10/inspect.py", line 129, in get_annotations
    elif isinstance(obj, types.ModuleType):
  File "/home/airflow/.local/lib/python3.10/site-packages/airflow/models/taskinstance.py", line 2613, in signal_handler
    raise AirflowTaskTerminated("Task received SIGTERM signal")
airflow.exceptions.AirflowTaskTerminated: Task received SIGTERM signal

During handling of the above exception, another exception occurred:

Traceback (most recent call last):
  File "/home/airflow/.local/lib/python3.10/site-packages/airflow/models/taskinstance.py", line 1063, in _email_alert
    send_email(task.email, subject, html_content)
  File "/home/airflow/.local/lib/python3.10/site-packages/airflow/utils/email.py", line 80, in send_email
    return backend(
  File "/home/airflow/.local/lib/python3.10/site-packages/airflow/utils/email.py", line 154, in send_email_smtp
    send_mime_email(e_from=mail_from, e_to=recipients, mime_msg=msg, conn_id=conn_id, dryrun=dryrun)
  File "/home/airflow/.local/lib/python3.10/site-packages/airflow/utils/email.py", line 273, in send_mime_email
    smtp_conn = _get_smtp_connection(smtp_host, smtp_port, smtp_timeout, smtp_ssl)
  File "/home/airflow/.local/lib/python3.10/site-packages/airflow/utils/email.py", line 317, in _get_smtp_connection
    return smtplib.SMTP(host=host, port=port, timeout=timeout)
  File "/usr/local/lib/python3.10/smtplib.py", line 255, in __init__
    (code, msg) = self.connect(host, port)
  File "/usr/local/lib/python3.10/smtplib.py", line 341, in connect
    self.sock = self._get_socket(host, port, self.timeout)
  File "/usr/local/lib/python3.10/smtplib.py", line 312, in _get_socket
    return socket.create_connection((host, port), timeout,
  File "/usr/local/lib/python3.10/socket.py", line 845, in create_connection
    raise err
  File "/usr/local/lib/python3.10/socket.py", line 833, in create_connection
    sock.connect(sa)
ConnectionRefusedError: [Errno 111] Connection refused

During handling of the above exception, another exception occurred:

Traceback (most recent call last):
  File "/home/airflow/.local/lib/python3.10/site-packages/airflow/models/taskinstance.py", line 877, in _handle_failure
    task_instance.email_alert(error, failure_context["task"])
  File "/home/airflow/.local/lib/python3.10/site-packages/airflow/models/taskinstance.py", line 3163, in email_alert
    _email_alert(task_instance=self, exception=exception, task=task)
  File "/home/airflow/.local/lib/python3.10/site-packages/airflow/models/taskinstance.py", line 1065, in _email_alert
    send_email(task.email, subject, html_content_err)
  File "/home/airflow/.local/lib/python3.10/site-packages/airflow/utils/email.py", line 80, in send_email
    return backend(
  File "/home/airflow/.local/lib/python3.10/site-packages/airflow/utils/email.py", line 154, in send_email_smtp
    send_mime_email(e_from=mail_from, e_to=recipients, mime_msg=msg, conn_id=conn_id, dryrun=dryrun)
  File "/home/airflow/.local/lib/python3.10/site-packages/airflow/utils/email.py", line 273, in send_mime_email
    smtp_conn = _get_smtp_connection(smtp_host, smtp_port, smtp_timeout, smtp_ssl)
  File "/home/airflow/.local/lib/python3.10/site-packages/airflow/utils/email.py", line 317, in _get_smtp_connection
    return smtplib.SMTP(host=host, port=port, timeout=timeout)
  File "/usr/local/lib/python3.10/smtplib.py", line 255, in __init__
    (code, msg) = self.connect(host, port)
  File "/usr/local/lib/python3.10/smtplib.py", line 341, in connect
    self.sock = self._get_socket(host, port, self.timeout)
  File "/usr/local/lib/python3.10/smtplib.py", line 312, in _get_socket
    return socket.create_connection((host, port), timeout,
  File "/usr/local/lib/python3.10/socket.py", line 845, in create_connection
    raise err
  File "/usr/local/lib/python3.10/socket.py", line 833, in create_connection
    sock.connect(sa)
ConnectionRefusedError: [Errno 111] Connection refused
[2024-10-03T08:41:09.381+0000] {process_utils.py:80} INFO - Process psutil.Process(pid=642, status='terminated', exitcode=2, started='08:41:00') (642) terminated with exit code 2
[2024-10-03T08:41:09.382+0000] {local_task_job_runner.py:243} INFO - Task exited with return code 143
[2024-10-03T08:41:09.399+0000] {taskinstance.py:3503} INFO - 0 downstream tasks scheduled from follow-on schedule check
