[2024-10-04T12:53:02.462+0000] {local_task_job_runner.py:120} INFO - ::group::Pre task execution logs
[2024-10-04T12:53:02.483+0000] {taskinstance.py:2076} INFO - Dependencies all met for dep_context=non-requeueable deps ti=<TaskInstance: Alex_Trigolos.training_dtc_model_tasks manual__2024-10-04T12:52:45.017754+00:00 [queued]>
[2024-10-04T12:53:02.493+0000] {taskinstance.py:2076} INFO - Dependencies all met for dep_context=requeueable deps ti=<TaskInstance: Alex_Trigolos.training_dtc_model_tasks manual__2024-10-04T12:52:45.017754+00:00 [queued]>
[2024-10-04T12:53:02.495+0000] {taskinstance.py:2306} INFO - Starting attempt 1 of 1
[2024-10-04T12:53:02.511+0000] {taskinstance.py:2330} INFO - Executing <Task(PythonOperator): training_dtc_model_tasks> on 2024-10-04 12:52:45.017754+00:00
[2024-10-04T12:53:02.532+0000] {standard_task_runner.py:64} INFO - Started process 86521 to run task
[2024-10-04T12:53:02.536+0000] {standard_task_runner.py:90} INFO - Running: ['***', 'tasks', 'run', 'Alex_Trigolos', 'training_dtc_model_tasks', 'manual__2024-10-04T12:52:45.017754+00:00', '--job-id', '877', '--raw', '--subdir', 'DAGS_FOLDER/***/dags/project.py', '--cfg-path', '/tmp/tmp7s5hv3co']
[2024-10-04T12:53:02.541+0000] {standard_task_runner.py:91} INFO - Job 877: Subtask training_dtc_model_tasks
[2024-10-04T12:53:02.613+0000] {task_command.py:426} INFO - Running <TaskInstance: Alex_Trigolos.training_dtc_model_tasks manual__2024-10-04T12:52:45.017754+00:00 [running]> on host 4b5f1410d111
[2024-10-04T12:53:02.724+0000] {taskinstance.py:2648} INFO - Exporting env vars: AIRFLOW_CTX_DAG_EMAIL='alexvlg34@gmail.com' AIRFLOW_CTX_DAG_OWNER='Alex Trigolos' AIRFLOW_CTX_DAG_ID='Alex_Trigolos' AIRFLOW_CTX_TASK_ID='training_dtc_model_tasks' AIRFLOW_CTX_EXECUTION_DATE='2024-10-04T12:52:45.017754+00:00' AIRFLOW_CTX_TRY_NUMBER='1' AIRFLOW_CTX_DAG_RUN_ID='manual__2024-10-04T12:52:45.017754+00:00'
[2024-10-04T12:53:02.727+0000] {taskinstance.py:430} INFO - ::endgroup::
[2024-10-04T12:53:02.746+0000] {project.py:168} INFO - Train model...
[2024-10-04T12:53:02.799+0000] {project.py:172} INFO - 228126655427521198
[2024-10-04T12:53:02.809+0000] {project.py:174} INFO - f7ed1aedcbb94c3ba9fa5669c44c3bd8
[2024-10-04T12:53:02.876+0000] {project.py:175} INFO - <Run: data=<RunData: metrics={}, params={}, tags={'mlflow.note.content': 'parent',
 'mlflow.runName': 'ursatap',
 'mlflow.source.name': '/home/airflow/.local/bin/airflow',
 'mlflow.source.type': 'LOCAL',
 'mlflow.user': 'airflow'}>, info=<RunInfo: artifact_uri='s3://testmlops/mlflow/228126655427521198/f7ed1aedcbb94c3ba9fa5669c44c3bd8/artifacts', end_time=None, experiment_id='228126655427521198', lifecycle_stage='active', run_id='f7ed1aedcbb94c3ba9fa5669c44c3bd8', run_name='ursatap', run_uuid='f7ed1aedcbb94c3ba9fa5669c44c3bd8', start_time=1728046369123, status='RUNNING', user_id='airflow'>, inputs=<RunInputs: dataset_inputs=[]>>
[2024-10-04T12:53:02.879+0000] {s3.py:1422} INFO - Downloading source S3 file from Bucket testmlops with path AlexTrigolos/project/datasets/X_train.pkl
[2024-10-04T12:53:02.893+0000] {base.py:84} INFO - Using connection ID 's3_connection' for task execution.
[2024-10-04T12:53:02.895+0000] {connection_wrapper.py:388} INFO - AWS Connection (conn_id='s3_connection', conn_type='aws') credentials retrieved from login and password.
[2024-10-04T12:53:03.152+0000] {project.py:93} INFO - /tmp/***_tmp_l9skjzg5
[2024-10-04T12:53:03.160+0000] {s3.py:1422} INFO - Downloading source S3 file from Bucket testmlops with path AlexTrigolos/project/datasets/X_val.pkl
[2024-10-04T12:53:03.171+0000] {base.py:84} INFO - Using connection ID 's3_connection' for task execution.
[2024-10-04T12:53:03.174+0000] {connection_wrapper.py:388} INFO - AWS Connection (conn_id='s3_connection', conn_type='aws') credentials retrieved from login and password.
[2024-10-04T12:53:03.409+0000] {project.py:93} INFO - /tmp/***_tmp_inl271xj
[2024-10-04T12:53:03.413+0000] {s3.py:1422} INFO - Downloading source S3 file from Bucket testmlops with path AlexTrigolos/project/datasets/X_test.pkl
[2024-10-04T12:53:03.422+0000] {base.py:84} INFO - Using connection ID 's3_connection' for task execution.
[2024-10-04T12:53:03.425+0000] {connection_wrapper.py:388} INFO - AWS Connection (conn_id='s3_connection', conn_type='aws') credentials retrieved from login and password.
[2024-10-04T12:53:04.050+0000] {project.py:93} INFO - /tmp/***_tmp__zyqo436
[2024-10-04T12:53:04.053+0000] {s3.py:1422} INFO - Downloading source S3 file from Bucket testmlops with path AlexTrigolos/project/datasets/y_train.pkl
[2024-10-04T12:53:04.064+0000] {base.py:84} INFO - Using connection ID 's3_connection' for task execution.
[2024-10-04T12:53:04.065+0000] {connection_wrapper.py:388} INFO - AWS Connection (conn_id='s3_connection', conn_type='aws') credentials retrieved from login and password.
[2024-10-04T12:53:04.316+0000] {project.py:93} INFO - /tmp/***_tmp_6zskdiuo
[2024-10-04T12:53:04.320+0000] {s3.py:1422} INFO - Downloading source S3 file from Bucket testmlops with path AlexTrigolos/project/datasets/y_val.pkl
[2024-10-04T12:53:04.332+0000] {base.py:84} INFO - Using connection ID 's3_connection' for task execution.
[2024-10-04T12:53:04.333+0000] {connection_wrapper.py:388} INFO - AWS Connection (conn_id='s3_connection', conn_type='aws') credentials retrieved from login and password.
[2024-10-04T12:53:04.589+0000] {project.py:93} INFO - /tmp/***_tmp_6fqe_m80
[2024-10-04T12:53:04.593+0000] {s3.py:1422} INFO - Downloading source S3 file from Bucket testmlops with path AlexTrigolos/project/datasets/y_test.pkl
[2024-10-04T12:53:04.603+0000] {base.py:84} INFO - Using connection ID 's3_connection' for task execution.
[2024-10-04T12:53:04.604+0000] {connection_wrapper.py:388} INFO - AWS Connection (conn_id='s3_connection', conn_type='aws') credentials retrieved from login and password.
[2024-10-04T12:53:04.916+0000] {project.py:93} INFO - /tmp/***_tmp_bynw6cgk
[2024-10-04T12:53:04.988+0000] {logging_mixin.py:188} WARNING - 2024/10/04 12:53:04 WARNING mlflow.utils.git_utils: Failed to import Git (the Git executable is probably not on your PATH), so Git SHA is not available. Error: Failed to initialize: Bad git executable.
The git executable must be specified in one of the following ways:
    - be included in your $PATH
    - be set via $GIT_PYTHON_GIT_EXECUTABLE
    - explicitly set via git.refresh(<full-path-to-git-executable>)

All git commands will error until this is rectified.

This initial message can be silenced or aggravated in the future by setting the
$GIT_PYTHON_REFRESH environment variable. Use one of the following values:
    - quiet|q|silence|s|silent|none|n|0: for no message or exception
    - warn|w|warning|log|l|1: for a warning message (logging level CRITICAL, displayed by default)
    - error|e|exception|raise|r|2: for a raised exception

Example:
    export GIT_PYTHON_REFRESH=quiet
[2024-10-04T12:53:05.040+0000] {logging_mixin.py:188} INFO - Fitting 5 folds for each of 10 candidates, totalling 50 fits
[2024-10-04T12:53:05.392+0000] {logging_mixin.py:188} WARNING - /home/***/.local/lib/python3.10/site-packages/sklearn/model_selection/_validation.py:540 FitFailedWarning:
5 fits failed out of a total of 50.
The score on these train-test partitions for these parameters will be set to nan.
If these failures are not expected, you can try to debug them by setting error_score='raise'.

Below are more details about the failures:
--------------------------------------------------------------------------------
5 fits failed with the following error:
Traceback (most recent call last):
  File "/home/***/.local/lib/python3.10/site-packages/sklearn/model_selection/_validation.py", line 888, in _fit_and_score
    estimator.fit(X_train, y_train, **fit_params)
  File "/home/***/.local/lib/python3.10/site-packages/sklearn/base.py", line 1466, in wrapper
    estimator._validate_params()
  File "/home/***/.local/lib/python3.10/site-packages/sklearn/base.py", line 666, in _validate_params
    validate_parameter_constraints(
  File "/home/***/.local/lib/python3.10/site-packages/sklearn/utils/_param_validation.py", line 95, in validate_parameter_constraints
    raise InvalidParameterError(
sklearn.utils._param_validation.InvalidParameterError: The 'min_samples_split' parameter of DecisionTreeClassifier must be an int in the range [2, inf) or a float in the range (0.0, 1.0]. Got 1 instead.
[2024-10-04T12:53:05.395+0000] {logging_mixin.py:188} WARNING - /home/***/.local/lib/python3.10/site-packages/numpy/ma/core.py:2820 RuntimeWarning: invalid value encountered in cast
[2024-10-04T12:53:05.397+0000] {logging_mixin.py:188} WARNING - /home/***/.local/lib/python3.10/site-packages/sklearn/model_selection/_search.py:1102 UserWarning: One or more of the test scores are non-finite: [       nan 0.76968384 0.76409928 0.76548803 0.77814439 0.78518664
 0.7893923  0.79639515 0.786536   0.7921698 ]
[2024-10-04T12:53:05.431+0000] {logging_mixin.py:188} WARNING - 2024/10/04 12:53:05 INFO mlflow.tracking._tracking_service.client: üèÉ View run DecisionTreeClassifier at: http://mlflow-service:5000/#/experiments/228126655427521198/runs/60c9460207484f2b949b158eb2952362.
[2024-10-04T12:53:05.432+0000] {logging_mixin.py:188} WARNING - 2024/10/04 12:53:05 INFO mlflow.tracking._tracking_service.client: üß™ View experiment at: http://mlflow-service:5000/#/experiments/228126655427521198.
[2024-10-04T12:53:05.570+0000] {taskinstance.py:441} INFO - ::group::Post task execution logs
[2024-10-04T12:53:05.572+0000] {taskinstance.py:2905} ERROR - Task failed with exception
Traceback (most recent call last):
  File "/home/airflow/.local/lib/python3.10/site-packages/airflow/models/taskinstance.py", line 465, in _execute_task
    result = _execute_callable(context=context, **execute_callable_kwargs)
  File "/home/airflow/.local/lib/python3.10/site-packages/airflow/models/taskinstance.py", line 432, in _execute_callable
    return execute_callable(context=context, **execute_callable_kwargs)
  File "/home/airflow/.local/lib/python3.10/site-packages/airflow/models/baseoperator.py", line 401, in wrapper
    return func(self, *args, **kwargs)
  File "/home/airflow/.local/lib/python3.10/site-packages/airflow/operators/python.py", line 235, in execute
    return_value = self.execute_callable()
  File "/home/airflow/.local/lib/python3.10/site-packages/airflow/operators/python.py", line 252, in execute_callable
    return self.python_callable(*self.op_args, **self.op_kwargs)
  File "/opt/airflow/dags/airflow/dags/project.py", line 202, in train_model
    signature = infer_signature(X_test, prediction)
NameError: name 'infer_signature' is not defined
[2024-10-04T12:53:05.589+0000] {taskinstance.py:1206} INFO - Marking task as FAILED. dag_id=Alex_Trigolos, task_id=training_dtc_model_tasks, run_id=manual__2024-10-04T12:52:45.017754+00:00, execution_date=20241004T125245, start_date=20241004T125302, end_date=20241004T125305
[2024-10-04T12:53:05.604+0000] {logging_mixin.py:188} WARNING - /home/***/.local/lib/python3.10/site-packages/***/utils/email.py:154 RemovedInAirflow3Warning: Fetching SMTP credentials from configuration variables will be deprecated in a future release. Please set credentials using a connection instead.
[2024-10-04T12:53:05.606+0000] {configuration.py:1053} WARNING - section/key [smtp/smtp_user] not found in config
[2024-10-04T12:53:05.607+0000] {email.py:271} INFO - Email alerting: attempt 1
[2024-10-04T12:53:05.616+0000] {configuration.py:1053} WARNING - section/key [smtp/smtp_user] not found in config
[2024-10-04T12:53:05.660+0000] {email.py:271} INFO - Email alerting: attempt 1
[2024-10-04T12:53:05.676+0000] {taskinstance.py:879} ERROR - Failed to send email to: alexvlg34@gmail.com
Traceback (most recent call last):
  File "/home/airflow/.local/lib/python3.10/site-packages/airflow/models/taskinstance.py", line 2479, in _run_raw_task
    self._execute_task_with_callbacks(context, test_mode, session=session)
  File "/home/airflow/.local/lib/python3.10/site-packages/airflow/models/taskinstance.py", line 2676, in _execute_task_with_callbacks
    result = self._execute_task(context, task_orig)
  File "/home/airflow/.local/lib/python3.10/site-packages/airflow/models/taskinstance.py", line 2701, in _execute_task
    return _execute_task(self, context, task_orig)
  File "/home/airflow/.local/lib/python3.10/site-packages/airflow/models/taskinstance.py", line 465, in _execute_task
    result = _execute_callable(context=context, **execute_callable_kwargs)
  File "/home/airflow/.local/lib/python3.10/site-packages/airflow/models/taskinstance.py", line 432, in _execute_callable
    return execute_callable(context=context, **execute_callable_kwargs)
  File "/home/airflow/.local/lib/python3.10/site-packages/airflow/models/baseoperator.py", line 401, in wrapper
    return func(self, *args, **kwargs)
  File "/home/airflow/.local/lib/python3.10/site-packages/airflow/operators/python.py", line 235, in execute
    return_value = self.execute_callable()
  File "/home/airflow/.local/lib/python3.10/site-packages/airflow/operators/python.py", line 252, in execute_callable
    return self.python_callable(*self.op_args, **self.op_kwargs)
  File "/opt/airflow/dags/airflow/dags/project.py", line 202, in train_model
    signature = infer_signature(X_test, prediction)
NameError: name 'infer_signature' is not defined

During handling of the above exception, another exception occurred:

Traceback (most recent call last):
  File "/home/airflow/.local/lib/python3.10/site-packages/airflow/models/taskinstance.py", line 1063, in _email_alert
    send_email(task.email, subject, html_content)
  File "/home/airflow/.local/lib/python3.10/site-packages/airflow/utils/email.py", line 80, in send_email
    return backend(
  File "/home/airflow/.local/lib/python3.10/site-packages/airflow/utils/email.py", line 154, in send_email_smtp
    send_mime_email(e_from=mail_from, e_to=recipients, mime_msg=msg, conn_id=conn_id, dryrun=dryrun)
  File "/home/airflow/.local/lib/python3.10/site-packages/airflow/utils/email.py", line 273, in send_mime_email
    smtp_conn = _get_smtp_connection(smtp_host, smtp_port, smtp_timeout, smtp_ssl)
  File "/home/airflow/.local/lib/python3.10/site-packages/airflow/utils/email.py", line 317, in _get_smtp_connection
    return smtplib.SMTP(host=host, port=port, timeout=timeout)
  File "/usr/local/lib/python3.10/smtplib.py", line 255, in __init__
    (code, msg) = self.connect(host, port)
  File "/usr/local/lib/python3.10/smtplib.py", line 341, in connect
    self.sock = self._get_socket(host, port, self.timeout)
  File "/usr/local/lib/python3.10/smtplib.py", line 312, in _get_socket
    return socket.create_connection((host, port), timeout,
  File "/usr/local/lib/python3.10/socket.py", line 845, in create_connection
    raise err
  File "/usr/local/lib/python3.10/socket.py", line 833, in create_connection
    sock.connect(sa)
ConnectionRefusedError: [Errno 111] Connection refused

During handling of the above exception, another exception occurred:

Traceback (most recent call last):
  File "/home/airflow/.local/lib/python3.10/site-packages/airflow/models/taskinstance.py", line 877, in _handle_failure
    task_instance.email_alert(error, failure_context["task"])
  File "/home/airflow/.local/lib/python3.10/site-packages/airflow/models/taskinstance.py", line 3163, in email_alert
    _email_alert(task_instance=self, exception=exception, task=task)
  File "/home/airflow/.local/lib/python3.10/site-packages/airflow/models/taskinstance.py", line 1065, in _email_alert
    send_email(task.email, subject, html_content_err)
  File "/home/airflow/.local/lib/python3.10/site-packages/airflow/utils/email.py", line 80, in send_email
    return backend(
  File "/home/airflow/.local/lib/python3.10/site-packages/airflow/utils/email.py", line 154, in send_email_smtp
    send_mime_email(e_from=mail_from, e_to=recipients, mime_msg=msg, conn_id=conn_id, dryrun=dryrun)
  File "/home/airflow/.local/lib/python3.10/site-packages/airflow/utils/email.py", line 273, in send_mime_email
    smtp_conn = _get_smtp_connection(smtp_host, smtp_port, smtp_timeout, smtp_ssl)
  File "/home/airflow/.local/lib/python3.10/site-packages/airflow/utils/email.py", line 317, in _get_smtp_connection
    return smtplib.SMTP(host=host, port=port, timeout=timeout)
  File "/usr/local/lib/python3.10/smtplib.py", line 255, in __init__
    (code, msg) = self.connect(host, port)
  File "/usr/local/lib/python3.10/smtplib.py", line 341, in connect
    self.sock = self._get_socket(host, port, self.timeout)
  File "/usr/local/lib/python3.10/smtplib.py", line 312, in _get_socket
    return socket.create_connection((host, port), timeout,
  File "/usr/local/lib/python3.10/socket.py", line 845, in create_connection
    raise err
  File "/usr/local/lib/python3.10/socket.py", line 833, in create_connection
    sock.connect(sa)
ConnectionRefusedError: [Errno 111] Connection refused
[2024-10-04T12:53:05.749+0000] {standard_task_runner.py:110} ERROR - Failed to execute job 877 for task training_dtc_model_tasks (name 'infer_signature' is not defined; 86521)
[2024-10-04T12:53:05.792+0000] {local_task_job_runner.py:243} INFO - Task exited with return code 1
[2024-10-04T12:53:05.820+0000] {taskinstance.py:3503} INFO - 0 downstream tasks scheduled from follow-on schedule check
[2024-10-04T12:53:05.826+0000] {local_task_job_runner.py:222} INFO - ::endgroup::
