[2024-09-24T17:58:24.747+0000] {local_task_job_runner.py:120} INFO - ::group::Pre task execution logs
[2024-09-24T17:58:24.762+0000] {taskinstance.py:2076} INFO - Dependencies all met for dep_context=non-requeueable deps ti=<TaskInstance: random_forest_classifier_dag.train_model manual__2024-09-24T17:58:15.950537+00:00 [queued]>
[2024-09-24T17:58:24.769+0000] {taskinstance.py:2076} INFO - Dependencies all met for dep_context=requeueable deps ti=<TaskInstance: random_forest_classifier_dag.train_model manual__2024-09-24T17:58:15.950537+00:00 [queued]>
[2024-09-24T17:58:24.771+0000] {taskinstance.py:2306} INFO - Starting attempt 1 of 1
[2024-09-24T17:58:24.782+0000] {taskinstance.py:2330} INFO - Executing <Task(PythonOperator): train_model> on 2024-09-24 17:58:15.950537+00:00
[2024-09-24T17:58:24.790+0000] {standard_task_runner.py:64} INFO - Started process 34036 to run task
[2024-09-24T17:58:24.792+0000] {standard_task_runner.py:90} INFO - Running: ['***', 'tasks', 'run', 'random_forest_classifier_dag', 'train_model', 'manual__2024-09-24T17:58:15.950537+00:00', '--job-id', '415', '--raw', '--subdir', 'DAGS_FOLDER/***/dags/.ipynb_checkpoints/hw1-checkpoint.py', '--cfg-path', '/tmp/tmp2td0esdb']
[2024-09-24T17:58:24.794+0000] {standard_task_runner.py:91} INFO - Job 415: Subtask train_model
[2024-09-24T17:58:24.836+0000] {task_command.py:426} INFO - Running <TaskInstance: random_forest_classifier_dag.train_model manual__2024-09-24T17:58:15.950537+00:00 [running]> on host 82997fc6deb7
[2024-09-24T17:58:24.912+0000] {taskinstance.py:2648} INFO - Exporting env vars: AIRFLOW_CTX_DAG_EMAIL='alexvlg34@gmail.com' AIRFLOW_CTX_DAG_OWNER='Alex Trigolos' AIRFLOW_CTX_DAG_ID='random_forest_classifier_dag' AIRFLOW_CTX_TASK_ID='train_model' AIRFLOW_CTX_EXECUTION_DATE='2024-09-24T17:58:15.950537+00:00' AIRFLOW_CTX_TRY_NUMBER='1' AIRFLOW_CTX_DAG_RUN_ID='manual__2024-09-24T17:58:15.950537+00:00'
[2024-09-24T17:58:24.914+0000] {taskinstance.py:430} INFO - ::endgroup::
[2024-09-24T17:58:24.923+0000] {hw1-checkpoint.py:151} INFO - Train model...
[2024-09-24T17:58:24.953+0000] {logging_mixin.py:188} INFO - Fitting 5 folds for each of 1 candidates, totalling 5 fits
[2024-09-24T17:58:24.955+0000] {taskinstance.py:441} INFO - ::group::Post task execution logs
[2024-09-24T17:58:24.956+0000] {taskinstance.py:2905} ERROR - Task failed with exception
Traceback (most recent call last):
  File "/home/airflow/.local/lib/python3.10/site-packages/airflow/models/taskinstance.py", line 465, in _execute_task
    result = _execute_callable(context=context, **execute_callable_kwargs)
  File "/home/airflow/.local/lib/python3.10/site-packages/airflow/models/taskinstance.py", line 432, in _execute_callable
    return execute_callable(context=context, **execute_callable_kwargs)
  File "/home/airflow/.local/lib/python3.10/site-packages/airflow/models/baseoperator.py", line 401, in wrapper
    return func(self, *args, **kwargs)
  File "/home/airflow/.local/lib/python3.10/site-packages/airflow/operators/python.py", line 235, in execute
    return_value = self.execute_callable()
  File "/home/airflow/.local/lib/python3.10/site-packages/airflow/operators/python.py", line 252, in execute_callable
    return self.python_callable(*self.op_args, **self.op_kwargs)
  File "/opt/airflow/dags/airflow/dags/.ipynb_checkpoints/hw1-checkpoint.py", line 166, in train_model
    grid_search.fit(X_train, y_train)
  File "/home/airflow/.local/lib/python3.10/site-packages/sklearn/base.py", line 1473, in wrapper
    return fit_method(estimator, *args, **kwargs)
  File "/home/airflow/.local/lib/python3.10/site-packages/sklearn/model_selection/_search.py", line 1018, in fit
    self._run_search(evaluate_candidates)
  File "/home/airflow/.local/lib/python3.10/site-packages/sklearn/model_selection/_search.py", line 1572, in _run_search
    evaluate_candidates(ParameterGrid(self.param_grid))
  File "/home/airflow/.local/lib/python3.10/site-packages/sklearn/model_selection/_search.py", line 978, in evaluate_candidates
    enumerate(cv.split(X, y, **routed_params.splitter.split)),
  File "/home/airflow/.local/lib/python3.10/site-packages/sklearn/model_selection/_split.py", line 852, in split
    y = check_array(y, input_name="y", ensure_2d=False, dtype=None)
  File "/home/airflow/.local/lib/python3.10/site-packages/sklearn/utils/validation.py", line 1087, in check_array
    raise ValueError(
ValueError: Found array with 0 sample(s) (shape=(0,)) while a minimum of 1 is required.
[2024-09-24T17:58:24.989+0000] {taskinstance.py:1206} INFO - Marking task as FAILED. dag_id=random_forest_classifier_dag, task_id=train_model, run_id=manual__2024-09-24T17:58:15.950537+00:00, execution_date=20240924T175815, start_date=20240924T175824, end_date=20240924T175824
[2024-09-24T17:58:25.002+0000] {logging_mixin.py:188} WARNING - /home/***/.local/lib/python3.10/site-packages/***/utils/email.py:154 RemovedInAirflow3Warning: Fetching SMTP credentials from configuration variables will be deprecated in a future release. Please set credentials using a connection instead.
[2024-09-24T17:58:25.003+0000] {configuration.py:1053} WARNING - section/key [smtp/smtp_user] not found in config
[2024-09-24T17:58:25.004+0000] {email.py:271} INFO - Email alerting: attempt 1
[2024-09-24T17:58:25.011+0000] {configuration.py:1053} WARNING - section/key [smtp/smtp_user] not found in config
[2024-09-24T17:58:25.011+0000] {email.py:271} INFO - Email alerting: attempt 1
[2024-09-24T17:58:25.012+0000] {taskinstance.py:879} ERROR - Failed to send email to: alexvlg34@gmail.com
Traceback (most recent call last):
  File "/home/airflow/.local/lib/python3.10/site-packages/airflow/models/taskinstance.py", line 2479, in _run_raw_task
    self._execute_task_with_callbacks(context, test_mode, session=session)
  File "/home/airflow/.local/lib/python3.10/site-packages/airflow/models/taskinstance.py", line 2676, in _execute_task_with_callbacks
    result = self._execute_task(context, task_orig)
  File "/home/airflow/.local/lib/python3.10/site-packages/airflow/models/taskinstance.py", line 2701, in _execute_task
    return _execute_task(self, context, task_orig)
  File "/home/airflow/.local/lib/python3.10/site-packages/airflow/models/taskinstance.py", line 465, in _execute_task
    result = _execute_callable(context=context, **execute_callable_kwargs)
  File "/home/airflow/.local/lib/python3.10/site-packages/airflow/models/taskinstance.py", line 432, in _execute_callable
    return execute_callable(context=context, **execute_callable_kwargs)
  File "/home/airflow/.local/lib/python3.10/site-packages/airflow/models/baseoperator.py", line 401, in wrapper
    return func(self, *args, **kwargs)
  File "/home/airflow/.local/lib/python3.10/site-packages/airflow/operators/python.py", line 235, in execute
    return_value = self.execute_callable()
  File "/home/airflow/.local/lib/python3.10/site-packages/airflow/operators/python.py", line 252, in execute_callable
    return self.python_callable(*self.op_args, **self.op_kwargs)
  File "/opt/airflow/dags/airflow/dags/.ipynb_checkpoints/hw1-checkpoint.py", line 166, in train_model
    grid_search.fit(X_train, y_train)
  File "/home/airflow/.local/lib/python3.10/site-packages/sklearn/base.py", line 1473, in wrapper
    return fit_method(estimator, *args, **kwargs)
  File "/home/airflow/.local/lib/python3.10/site-packages/sklearn/model_selection/_search.py", line 1018, in fit
    self._run_search(evaluate_candidates)
  File "/home/airflow/.local/lib/python3.10/site-packages/sklearn/model_selection/_search.py", line 1572, in _run_search
    evaluate_candidates(ParameterGrid(self.param_grid))
  File "/home/airflow/.local/lib/python3.10/site-packages/sklearn/model_selection/_search.py", line 978, in evaluate_candidates
    enumerate(cv.split(X, y, **routed_params.splitter.split)),
  File "/home/airflow/.local/lib/python3.10/site-packages/sklearn/model_selection/_split.py", line 852, in split
    y = check_array(y, input_name="y", ensure_2d=False, dtype=None)
  File "/home/airflow/.local/lib/python3.10/site-packages/sklearn/utils/validation.py", line 1087, in check_array
    raise ValueError(
ValueError: Found array with 0 sample(s) (shape=(0,)) while a minimum of 1 is required.

During handling of the above exception, another exception occurred:

Traceback (most recent call last):
  File "/home/airflow/.local/lib/python3.10/site-packages/airflow/models/taskinstance.py", line 1063, in _email_alert
    send_email(task.email, subject, html_content)
  File "/home/airflow/.local/lib/python3.10/site-packages/airflow/utils/email.py", line 80, in send_email
    return backend(
  File "/home/airflow/.local/lib/python3.10/site-packages/airflow/utils/email.py", line 154, in send_email_smtp
    send_mime_email(e_from=mail_from, e_to=recipients, mime_msg=msg, conn_id=conn_id, dryrun=dryrun)
  File "/home/airflow/.local/lib/python3.10/site-packages/airflow/utils/email.py", line 273, in send_mime_email
    smtp_conn = _get_smtp_connection(smtp_host, smtp_port, smtp_timeout, smtp_ssl)
  File "/home/airflow/.local/lib/python3.10/site-packages/airflow/utils/email.py", line 317, in _get_smtp_connection
    return smtplib.SMTP(host=host, port=port, timeout=timeout)
  File "/usr/local/lib/python3.10/smtplib.py", line 255, in __init__
    (code, msg) = self.connect(host, port)
  File "/usr/local/lib/python3.10/smtplib.py", line 341, in connect
    self.sock = self._get_socket(host, port, self.timeout)
  File "/usr/local/lib/python3.10/smtplib.py", line 312, in _get_socket
    return socket.create_connection((host, port), timeout,
  File "/usr/local/lib/python3.10/socket.py", line 845, in create_connection
    raise err
  File "/usr/local/lib/python3.10/socket.py", line 833, in create_connection
    sock.connect(sa)
ConnectionRefusedError: [Errno 111] Connection refused

During handling of the above exception, another exception occurred:

Traceback (most recent call last):
  File "/home/airflow/.local/lib/python3.10/site-packages/airflow/models/taskinstance.py", line 877, in _handle_failure
    task_instance.email_alert(error, failure_context["task"])
  File "/home/airflow/.local/lib/python3.10/site-packages/airflow/models/taskinstance.py", line 3163, in email_alert
    _email_alert(task_instance=self, exception=exception, task=task)
  File "/home/airflow/.local/lib/python3.10/site-packages/airflow/models/taskinstance.py", line 1065, in _email_alert
    send_email(task.email, subject, html_content_err)
  File "/home/airflow/.local/lib/python3.10/site-packages/airflow/utils/email.py", line 80, in send_email
    return backend(
  File "/home/airflow/.local/lib/python3.10/site-packages/airflow/utils/email.py", line 154, in send_email_smtp
    send_mime_email(e_from=mail_from, e_to=recipients, mime_msg=msg, conn_id=conn_id, dryrun=dryrun)
  File "/home/airflow/.local/lib/python3.10/site-packages/airflow/utils/email.py", line 273, in send_mime_email
    smtp_conn = _get_smtp_connection(smtp_host, smtp_port, smtp_timeout, smtp_ssl)
  File "/home/airflow/.local/lib/python3.10/site-packages/airflow/utils/email.py", line 317, in _get_smtp_connection
    return smtplib.SMTP(host=host, port=port, timeout=timeout)
  File "/usr/local/lib/python3.10/smtplib.py", line 255, in __init__
    (code, msg) = self.connect(host, port)
  File "/usr/local/lib/python3.10/smtplib.py", line 341, in connect
    self.sock = self._get_socket(host, port, self.timeout)
  File "/usr/local/lib/python3.10/smtplib.py", line 312, in _get_socket
    return socket.create_connection((host, port), timeout,
  File "/usr/local/lib/python3.10/socket.py", line 845, in create_connection
    raise err
  File "/usr/local/lib/python3.10/socket.py", line 833, in create_connection
    sock.connect(sa)
ConnectionRefusedError: [Errno 111] Connection refused
[2024-09-24T17:58:25.032+0000] {standard_task_runner.py:110} ERROR - Failed to execute job 415 for task train_model (Found array with 0 sample(s) (shape=(0,)) while a minimum of 1 is required.; 34036)
[2024-09-24T17:58:25.047+0000] {local_task_job_runner.py:243} INFO - Task exited with return code 1
[2024-09-24T17:58:25.068+0000] {taskinstance.py:3503} INFO - 0 downstream tasks scheduled from follow-on schedule check
[2024-09-24T17:58:25.073+0000] {local_task_job_runner.py:222} INFO - ::endgroup::
