[2024-09-23T11:33:40.006+0000] {local_task_job_runner.py:120} INFO - ::group::Pre task execution logs
[2024-09-23T11:33:40.022+0000] {taskinstance.py:2076} INFO - Dependencies all met for dep_context=non-requeueable deps ti=<TaskInstance: train_dag.save_metrics_to_s3 manual__2024-09-23T11:33:29.652424+00:00 [queued]>
[2024-09-23T11:33:40.030+0000] {taskinstance.py:2076} INFO - Dependencies all met for dep_context=requeueable deps ti=<TaskInstance: train_dag.save_metrics_to_s3 manual__2024-09-23T11:33:29.652424+00:00 [queued]>
[2024-09-23T11:33:40.032+0000] {taskinstance.py:2306} INFO - Starting attempt 1 of 1
[2024-09-23T11:33:40.042+0000] {taskinstance.py:2330} INFO - Executing <Task(PythonOperator): save_metrics_to_s3> on 2024-09-23 11:33:29.652424+00:00
[2024-09-23T11:33:40.049+0000] {standard_task_runner.py:64} INFO - Started process 6114 to run task
[2024-09-23T11:33:40.052+0000] {standard_task_runner.py:90} INFO - Running: ['***', 'tasks', 'run', 'train_dag', 'save_metrics_to_s3', 'manual__2024-09-23T11:33:29.652424+00:00', '--job-id', '234', '--raw', '--subdir', 'DAGS_FOLDER/***/dags/train_dag.py', '--cfg-path', '/tmp/tmp5n98lb6h']
[2024-09-23T11:33:40.054+0000] {standard_task_runner.py:91} INFO - Job 234: Subtask save_metrics_to_s3
[2024-09-23T11:33:40.095+0000] {task_command.py:426} INFO - Running <TaskInstance: train_dag.save_metrics_to_s3 manual__2024-09-23T11:33:29.652424+00:00 [running]> on host 82997fc6deb7
[2024-09-23T11:33:40.158+0000] {taskinstance.py:2648} INFO - Exporting env vars: AIRFLOW_CTX_DAG_EMAIL='alexvlg34@gmail.com' AIRFLOW_CTX_DAG_OWNER='Alex Trigolos' AIRFLOW_CTX_DAG_ID='train_dag' AIRFLOW_CTX_TASK_ID='save_metrics_to_s3' AIRFLOW_CTX_EXECUTION_DATE='2024-09-23T11:33:29.652424+00:00' AIRFLOW_CTX_TRY_NUMBER='1' AIRFLOW_CTX_DAG_RUN_ID='manual__2024-09-23T11:33:29.652424+00:00'
[2024-09-23T11:33:40.160+0000] {taskinstance.py:430} INFO - ::endgroup::
[2024-09-23T11:33:40.176+0000] {base.py:84} INFO - Using connection ID 's3_connection' for task execution.
[2024-09-23T11:33:40.177+0000] {connection_wrapper.py:388} INFO - AWS Connection (conn_id='s3_connection', conn_type='aws') credentials retrieved from login and password.
[2024-09-23T11:33:40.184+0000] {taskinstance.py:441} INFO - ::group::Post task execution logs
[2024-09-23T11:33:40.185+0000] {taskinstance.py:2905} ERROR - Task failed with exception
Traceback (most recent call last):
  File "/home/airflow/.local/lib/python3.10/site-packages/airflow/models/taskinstance.py", line 465, in _execute_task
    result = _execute_callable(context=context, **execute_callable_kwargs)
  File "/home/airflow/.local/lib/python3.10/site-packages/airflow/models/taskinstance.py", line 432, in _execute_callable
    return execute_callable(context=context, **execute_callable_kwargs)
  File "/home/airflow/.local/lib/python3.10/site-packages/airflow/models/baseoperator.py", line 401, in wrapper
    return func(self, *args, **kwargs)
  File "/home/airflow/.local/lib/python3.10/site-packages/airflow/operators/python.py", line 235, in execute
    return_value = self.execute_callable()
  File "/home/airflow/.local/lib/python3.10/site-packages/airflow/operators/python.py", line 252, in execute_callable
    return self.python_callable(*self.op_args, **self.op_kwargs)
  File "/opt/airflow/dags/airflow/dags/train_dag.py", line 161, in save_metrics_to_s3
    session = s3_hook.get_session("ru-central1")
  File "/home/airflow/.local/lib/python3.10/site-packages/airflow/providers/amazon/aws/hooks/base_aws.py", line 673, in get_session
    return SessionFactory(
  File "/home/airflow/.local/lib/python3.10/site-packages/airflow/providers/amazon/aws/hooks/base_aws.py", line 197, in create_session
    return self.basic_session
  File "/usr/local/lib/python3.10/functools.py", line 981, in __get__
    val = self.func(instance)
  File "/home/airflow/.local/lib/python3.10/site-packages/airflow/providers/amazon/aws/hooks/base_aws.py", line 128, in basic_session
    return self._create_basic_session(session_kwargs=self.conn.session_kwargs)
  File "/home/airflow/.local/lib/python3.10/site-packages/airflow/providers/amazon/aws/hooks/base_aws.py", line 215, in _create_basic_session
    return boto3.session.Session(**session_kwargs)
  File "/home/airflow/.local/lib/python3.10/site-packages/boto3/session.py", line 90, in __init__
    self._setup_loader()
  File "/home/airflow/.local/lib/python3.10/site-packages/boto3/session.py", line 131, in _setup_loader
    self._loader = self._session.get_component('data_loader')
  File "/home/airflow/.local/lib/python3.10/site-packages/botocore/session.py", line 802, in get_component
    return self._components.get_component(name)
  File "/home/airflow/.local/lib/python3.10/site-packages/botocore/session.py", line 1140, in get_component
    self._components[name] = factory()
  File "/home/airflow/.local/lib/python3.10/site-packages/botocore/session.py", line 199, in <lambda>
    lambda: create_loader(self.get_config_variable('data_path')),
  File "/home/airflow/.local/lib/python3.10/site-packages/botocore/session.py", line 323, in get_config_variable
    return self.get_component('config_store').get_config_variable(
  File "/home/airflow/.local/lib/python3.10/site-packages/botocore/configprovider.py", line 465, in get_config_variable
    return provider.provide()
  File "/home/airflow/.local/lib/python3.10/site-packages/botocore/configprovider.py", line 671, in provide
    value = provider.provide()
  File "/home/airflow/.local/lib/python3.10/site-packages/botocore/configprovider.py", line 761, in provide
    scoped_config = self._session.get_scoped_config()
  File "/home/airflow/.local/lib/python3.10/site-packages/botocore/session.py", line 422, in get_scoped_config
    raise ProfileNotFound(profile=profile_name)
botocore.exceptions.ProfileNotFound: The config profile (***) could not be found
[2024-09-23T11:33:40.212+0000] {taskinstance.py:1206} INFO - Marking task as FAILED. dag_id=train_dag, task_id=save_metrics_to_s3, run_id=manual__2024-09-23T11:33:29.652424+00:00, execution_date=20240923T113329, start_date=20240923T113340, end_date=20240923T113340
[2024-09-23T11:33:40.224+0000] {logging_mixin.py:188} WARNING - /home/***/.local/lib/python3.10/site-packages/***/utils/email.py:154 RemovedInAirflow3Warning: Fetching SMTP credentials from configuration variables will be deprecated in a future release. Please set credentials using a connection instead.
[2024-09-23T11:33:40.225+0000] {configuration.py:1053} WARNING - section/key [smtp/smtp_user] not found in config
[2024-09-23T11:33:40.226+0000] {email.py:271} INFO - Email alerting: attempt 1
[2024-09-23T11:33:40.233+0000] {configuration.py:1053} WARNING - section/key [smtp/smtp_user] not found in config
[2024-09-23T11:33:40.234+0000] {email.py:271} INFO - Email alerting: attempt 1
[2024-09-23T11:33:40.235+0000] {taskinstance.py:879} ERROR - Failed to send email to: alexvlg34@gmail.com
Traceback (most recent call last):
  File "/home/airflow/.local/lib/python3.10/site-packages/airflow/models/taskinstance.py", line 2479, in _run_raw_task
    self._execute_task_with_callbacks(context, test_mode, session=session)
  File "/home/airflow/.local/lib/python3.10/site-packages/airflow/models/taskinstance.py", line 2676, in _execute_task_with_callbacks
    result = self._execute_task(context, task_orig)
  File "/home/airflow/.local/lib/python3.10/site-packages/airflow/models/taskinstance.py", line 2701, in _execute_task
    return _execute_task(self, context, task_orig)
  File "/home/airflow/.local/lib/python3.10/site-packages/airflow/models/taskinstance.py", line 465, in _execute_task
    result = _execute_callable(context=context, **execute_callable_kwargs)
  File "/home/airflow/.local/lib/python3.10/site-packages/airflow/models/taskinstance.py", line 432, in _execute_callable
    return execute_callable(context=context, **execute_callable_kwargs)
  File "/home/airflow/.local/lib/python3.10/site-packages/airflow/models/baseoperator.py", line 401, in wrapper
    return func(self, *args, **kwargs)
  File "/home/airflow/.local/lib/python3.10/site-packages/airflow/operators/python.py", line 235, in execute
    return_value = self.execute_callable()
  File "/home/airflow/.local/lib/python3.10/site-packages/airflow/operators/python.py", line 252, in execute_callable
    return self.python_callable(*self.op_args, **self.op_kwargs)
  File "/opt/airflow/dags/airflow/dags/train_dag.py", line 161, in save_metrics_to_s3
    session = s3_hook.get_session("ru-central1")
  File "/home/airflow/.local/lib/python3.10/site-packages/airflow/providers/amazon/aws/hooks/base_aws.py", line 673, in get_session
    return SessionFactory(
  File "/home/airflow/.local/lib/python3.10/site-packages/airflow/providers/amazon/aws/hooks/base_aws.py", line 197, in create_session
    return self.basic_session
  File "/usr/local/lib/python3.10/functools.py", line 981, in __get__
    val = self.func(instance)
  File "/home/airflow/.local/lib/python3.10/site-packages/airflow/providers/amazon/aws/hooks/base_aws.py", line 128, in basic_session
    return self._create_basic_session(session_kwargs=self.conn.session_kwargs)
  File "/home/airflow/.local/lib/python3.10/site-packages/airflow/providers/amazon/aws/hooks/base_aws.py", line 215, in _create_basic_session
    return boto3.session.Session(**session_kwargs)
  File "/home/airflow/.local/lib/python3.10/site-packages/boto3/session.py", line 90, in __init__
    self._setup_loader()
  File "/home/airflow/.local/lib/python3.10/site-packages/boto3/session.py", line 131, in _setup_loader
    self._loader = self._session.get_component('data_loader')
  File "/home/airflow/.local/lib/python3.10/site-packages/botocore/session.py", line 802, in get_component
    return self._components.get_component(name)
  File "/home/airflow/.local/lib/python3.10/site-packages/botocore/session.py", line 1140, in get_component
    self._components[name] = factory()
  File "/home/airflow/.local/lib/python3.10/site-packages/botocore/session.py", line 199, in <lambda>
    lambda: create_loader(self.get_config_variable('data_path')),
  File "/home/airflow/.local/lib/python3.10/site-packages/botocore/session.py", line 323, in get_config_variable
    return self.get_component('config_store').get_config_variable(
  File "/home/airflow/.local/lib/python3.10/site-packages/botocore/configprovider.py", line 465, in get_config_variable
    return provider.provide()
  File "/home/airflow/.local/lib/python3.10/site-packages/botocore/configprovider.py", line 671, in provide
    value = provider.provide()
  File "/home/airflow/.local/lib/python3.10/site-packages/botocore/configprovider.py", line 761, in provide
    scoped_config = self._session.get_scoped_config()
  File "/home/airflow/.local/lib/python3.10/site-packages/botocore/session.py", line 422, in get_scoped_config
    raise ProfileNotFound(profile=profile_name)
botocore.exceptions.ProfileNotFound: The config profile (***) could not be found

During handling of the above exception, another exception occurred:

Traceback (most recent call last):
  File "/home/airflow/.local/lib/python3.10/site-packages/airflow/models/taskinstance.py", line 1063, in _email_alert
    send_email(task.email, subject, html_content)
  File "/home/airflow/.local/lib/python3.10/site-packages/airflow/utils/email.py", line 80, in send_email
    return backend(
  File "/home/airflow/.local/lib/python3.10/site-packages/airflow/utils/email.py", line 154, in send_email_smtp
    send_mime_email(e_from=mail_from, e_to=recipients, mime_msg=msg, conn_id=conn_id, dryrun=dryrun)
  File "/home/airflow/.local/lib/python3.10/site-packages/airflow/utils/email.py", line 273, in send_mime_email
    smtp_conn = _get_smtp_connection(smtp_host, smtp_port, smtp_timeout, smtp_ssl)
  File "/home/airflow/.local/lib/python3.10/site-packages/airflow/utils/email.py", line 317, in _get_smtp_connection
    return smtplib.SMTP(host=host, port=port, timeout=timeout)
  File "/usr/local/lib/python3.10/smtplib.py", line 255, in __init__
    (code, msg) = self.connect(host, port)
  File "/usr/local/lib/python3.10/smtplib.py", line 341, in connect
    self.sock = self._get_socket(host, port, self.timeout)
  File "/usr/local/lib/python3.10/smtplib.py", line 312, in _get_socket
    return socket.create_connection((host, port), timeout,
  File "/usr/local/lib/python3.10/socket.py", line 845, in create_connection
    raise err
  File "/usr/local/lib/python3.10/socket.py", line 833, in create_connection
    sock.connect(sa)
ConnectionRefusedError: [Errno 111] Connection refused

During handling of the above exception, another exception occurred:

Traceback (most recent call last):
  File "/home/airflow/.local/lib/python3.10/site-packages/airflow/models/taskinstance.py", line 877, in _handle_failure
    task_instance.email_alert(error, failure_context["task"])
  File "/home/airflow/.local/lib/python3.10/site-packages/airflow/models/taskinstance.py", line 3163, in email_alert
    _email_alert(task_instance=self, exception=exception, task=task)
  File "/home/airflow/.local/lib/python3.10/site-packages/airflow/models/taskinstance.py", line 1065, in _email_alert
    send_email(task.email, subject, html_content_err)
  File "/home/airflow/.local/lib/python3.10/site-packages/airflow/utils/email.py", line 80, in send_email
    return backend(
  File "/home/airflow/.local/lib/python3.10/site-packages/airflow/utils/email.py", line 154, in send_email_smtp
    send_mime_email(e_from=mail_from, e_to=recipients, mime_msg=msg, conn_id=conn_id, dryrun=dryrun)
  File "/home/airflow/.local/lib/python3.10/site-packages/airflow/utils/email.py", line 273, in send_mime_email
    smtp_conn = _get_smtp_connection(smtp_host, smtp_port, smtp_timeout, smtp_ssl)
  File "/home/airflow/.local/lib/python3.10/site-packages/airflow/utils/email.py", line 317, in _get_smtp_connection
    return smtplib.SMTP(host=host, port=port, timeout=timeout)
  File "/usr/local/lib/python3.10/smtplib.py", line 255, in __init__
    (code, msg) = self.connect(host, port)
  File "/usr/local/lib/python3.10/smtplib.py", line 341, in connect
    self.sock = self._get_socket(host, port, self.timeout)
  File "/usr/local/lib/python3.10/smtplib.py", line 312, in _get_socket
    return socket.create_connection((host, port), timeout,
  File "/usr/local/lib/python3.10/socket.py", line 845, in create_connection
    raise err
  File "/usr/local/lib/python3.10/socket.py", line 833, in create_connection
    sock.connect(sa)
ConnectionRefusedError: [Errno 111] Connection refused
[2024-09-23T11:33:40.253+0000] {standard_task_runner.py:110} ERROR - Failed to execute job 234 for task save_metrics_to_s3 (The config profile (***) could not be found; 6114)
[2024-09-23T11:33:40.266+0000] {local_task_job_runner.py:243} INFO - Task exited with return code 1
[2024-09-23T11:33:40.280+0000] {taskinstance.py:3503} INFO - 0 downstream tasks scheduled from follow-on schedule check
[2024-09-23T11:33:40.284+0000] {local_task_job_runner.py:222} INFO - ::endgroup::
