[2024-10-04T12:53:02.464+0000] {local_task_job_runner.py:120} INFO - ::group::Pre task execution logs
[2024-10-04T12:53:02.485+0000] {taskinstance.py:2076} INFO - Dependencies all met for dep_context=non-requeueable deps ti=<TaskInstance: Alex_Trigolos.training_rfc_model_tasks manual__2024-10-04T12:52:45.017754+00:00 [queued]>
[2024-10-04T12:53:02.496+0000] {taskinstance.py:2076} INFO - Dependencies all met for dep_context=requeueable deps ti=<TaskInstance: Alex_Trigolos.training_rfc_model_tasks manual__2024-10-04T12:52:45.017754+00:00 [queued]>
[2024-10-04T12:53:02.497+0000] {taskinstance.py:2306} INFO - Starting attempt 1 of 1
[2024-10-04T12:53:02.541+0000] {taskinstance.py:2330} INFO - Executing <Task(PythonOperator): training_rfc_model_tasks> on 2024-10-04 12:52:45.017754+00:00
[2024-10-04T12:53:02.553+0000] {standard_task_runner.py:64} INFO - Started process 86522 to run task
[2024-10-04T12:53:02.557+0000] {standard_task_runner.py:90} INFO - Running: ['***', 'tasks', 'run', 'Alex_Trigolos', 'training_rfc_model_tasks', 'manual__2024-10-04T12:52:45.017754+00:00', '--job-id', '878', '--raw', '--subdir', 'DAGS_FOLDER/***/dags/project.py', '--cfg-path', '/tmp/tmp1o2pzlhf']
[2024-10-04T12:53:02.560+0000] {standard_task_runner.py:91} INFO - Job 878: Subtask training_rfc_model_tasks
[2024-10-04T12:53:02.628+0000] {task_command.py:426} INFO - Running <TaskInstance: Alex_Trigolos.training_rfc_model_tasks manual__2024-10-04T12:52:45.017754+00:00 [running]> on host 4b5f1410d111
[2024-10-04T12:53:02.735+0000] {taskinstance.py:2648} INFO - Exporting env vars: AIRFLOW_CTX_DAG_EMAIL='alexvlg34@gmail.com' AIRFLOW_CTX_DAG_OWNER='Alex Trigolos' AIRFLOW_CTX_DAG_ID='Alex_Trigolos' AIRFLOW_CTX_TASK_ID='training_rfc_model_tasks' AIRFLOW_CTX_EXECUTION_DATE='2024-10-04T12:52:45.017754+00:00' AIRFLOW_CTX_TRY_NUMBER='1' AIRFLOW_CTX_DAG_RUN_ID='manual__2024-10-04T12:52:45.017754+00:00'
[2024-10-04T12:53:02.736+0000] {taskinstance.py:430} INFO - ::endgroup::
[2024-10-04T12:53:02.753+0000] {project.py:168} INFO - Train model...
[2024-10-04T12:53:02.811+0000] {project.py:172} INFO - 228126655427521198
[2024-10-04T12:53:02.821+0000] {project.py:174} INFO - f7ed1aedcbb94c3ba9fa5669c44c3bd8
[2024-10-04T12:53:02.885+0000] {project.py:175} INFO - <Run: data=<RunData: metrics={}, params={}, tags={'mlflow.note.content': 'parent',
 'mlflow.runName': 'ursatap',
 'mlflow.source.name': '/home/airflow/.local/bin/airflow',
 'mlflow.source.type': 'LOCAL',
 'mlflow.user': 'airflow'}>, info=<RunInfo: artifact_uri='s3://testmlops/mlflow/228126655427521198/f7ed1aedcbb94c3ba9fa5669c44c3bd8/artifacts', end_time=None, experiment_id='228126655427521198', lifecycle_stage='active', run_id='f7ed1aedcbb94c3ba9fa5669c44c3bd8', run_name='ursatap', run_uuid='f7ed1aedcbb94c3ba9fa5669c44c3bd8', start_time=1728046369123, status='RUNNING', user_id='airflow'>, inputs=<RunInputs: dataset_inputs=[]>>
[2024-10-04T12:53:02.887+0000] {s3.py:1422} INFO - Downloading source S3 file from Bucket testmlops with path AlexTrigolos/project/datasets/X_train.pkl
[2024-10-04T12:53:02.903+0000] {base.py:84} INFO - Using connection ID 's3_connection' for task execution.
[2024-10-04T12:53:02.904+0000] {connection_wrapper.py:388} INFO - AWS Connection (conn_id='s3_connection', conn_type='aws') credentials retrieved from login and password.
[2024-10-04T12:53:03.163+0000] {project.py:93} INFO - /tmp/***_tmp_e6l__8ne
[2024-10-04T12:53:03.169+0000] {s3.py:1422} INFO - Downloading source S3 file from Bucket testmlops with path AlexTrigolos/project/datasets/X_val.pkl
[2024-10-04T12:53:03.178+0000] {base.py:84} INFO - Using connection ID 's3_connection' for task execution.
[2024-10-04T12:53:03.180+0000] {connection_wrapper.py:388} INFO - AWS Connection (conn_id='s3_connection', conn_type='aws') credentials retrieved from login and password.
[2024-10-04T12:53:03.403+0000] {project.py:93} INFO - /tmp/***_tmp_y51zqknm
[2024-10-04T12:53:03.407+0000] {s3.py:1422} INFO - Downloading source S3 file from Bucket testmlops with path AlexTrigolos/project/datasets/X_test.pkl
[2024-10-04T12:53:03.422+0000] {base.py:84} INFO - Using connection ID 's3_connection' for task execution.
[2024-10-04T12:53:03.424+0000] {connection_wrapper.py:388} INFO - AWS Connection (conn_id='s3_connection', conn_type='aws') credentials retrieved from login and password.
[2024-10-04T12:53:04.063+0000] {project.py:93} INFO - /tmp/***_tmp_tqzfpvct
[2024-10-04T12:53:04.067+0000] {s3.py:1422} INFO - Downloading source S3 file from Bucket testmlops with path AlexTrigolos/project/datasets/y_train.pkl
[2024-10-04T12:53:04.083+0000] {base.py:84} INFO - Using connection ID 's3_connection' for task execution.
[2024-10-04T12:53:04.085+0000] {connection_wrapper.py:388} INFO - AWS Connection (conn_id='s3_connection', conn_type='aws') credentials retrieved from login and password.
[2024-10-04T12:53:04.364+0000] {project.py:93} INFO - /tmp/***_tmp_c74h4d2h
[2024-10-04T12:53:04.369+0000] {s3.py:1422} INFO - Downloading source S3 file from Bucket testmlops with path AlexTrigolos/project/datasets/y_val.pkl
[2024-10-04T12:53:04.378+0000] {base.py:84} INFO - Using connection ID 's3_connection' for task execution.
[2024-10-04T12:53:04.379+0000] {connection_wrapper.py:388} INFO - AWS Connection (conn_id='s3_connection', conn_type='aws') credentials retrieved from login and password.
[2024-10-04T12:53:04.634+0000] {project.py:93} INFO - /tmp/***_tmp_z7u67c7d
[2024-10-04T12:53:04.637+0000] {s3.py:1422} INFO - Downloading source S3 file from Bucket testmlops with path AlexTrigolos/project/datasets/y_test.pkl
[2024-10-04T12:53:04.648+0000] {base.py:84} INFO - Using connection ID 's3_connection' for task execution.
[2024-10-04T12:53:04.649+0000] {connection_wrapper.py:388} INFO - AWS Connection (conn_id='s3_connection', conn_type='aws') credentials retrieved from login and password.
[2024-10-04T12:53:05.905+0000] {project.py:93} INFO - /tmp/***_tmp_yv8sdbup
[2024-10-04T12:53:05.988+0000] {logging_mixin.py:188} WARNING - 2024/10/04 12:53:05 WARNING mlflow.utils.git_utils: Failed to import Git (the Git executable is probably not on your PATH), so Git SHA is not available. Error: Failed to initialize: Bad git executable.
The git executable must be specified in one of the following ways:
    - be included in your $PATH
    - be set via $GIT_PYTHON_GIT_EXECUTABLE
    - explicitly set via git.refresh(<full-path-to-git-executable>)

All git commands will error until this is rectified.

This initial message can be silenced or aggravated in the future by setting the
$GIT_PYTHON_REFRESH environment variable. Use one of the following values:
    - quiet|q|silence|s|silent|none|n|0: for no message or exception
    - warn|w|warning|log|l|1: for a warning message (logging level CRITICAL, displayed by default)
    - error|e|exception|raise|r|2: for a raised exception

Example:
    export GIT_PYTHON_REFRESH=quiet
[2024-10-04T12:53:06.032+0000] {logging_mixin.py:188} INFO - Fitting 5 folds for each of 7 candidates, totalling 35 fits
[2024-10-04T12:53:10.384+0000] {logging_mixin.py:188} WARNING - /home/***/.local/lib/python3.10/site-packages/sklearn/model_selection/_validation.py:540 FitFailedWarning:
5 fits failed out of a total of 35.
The score on these train-test partitions for these parameters will be set to nan.
If these failures are not expected, you can try to debug them by setting error_score='raise'.

Below are more details about the failures:
--------------------------------------------------------------------------------
5 fits failed with the following error:
Traceback (most recent call last):
  File "/home/***/.local/lib/python3.10/site-packages/sklearn/model_selection/_validation.py", line 888, in _fit_and_score
    estimator.fit(X_train, y_train, **fit_params)
  File "/home/***/.local/lib/python3.10/site-packages/sklearn/base.py", line 1466, in wrapper
    estimator._validate_params()
  File "/home/***/.local/lib/python3.10/site-packages/sklearn/base.py", line 666, in _validate_params
    validate_parameter_constraints(
  File "/home/***/.local/lib/python3.10/site-packages/sklearn/utils/_param_validation.py", line 95, in validate_parameter_constraints
    raise InvalidParameterError(
sklearn.utils._param_validation.InvalidParameterError: The 'min_samples_split' parameter of RandomForestClassifier must be an int in the range [2, inf) or a float in the range (0.0, 1.0]. Got 1 instead.
[2024-10-04T12:53:10.387+0000] {logging_mixin.py:188} WARNING - /home/***/.local/lib/python3.10/site-packages/sklearn/model_selection/_search.py:1102 UserWarning: One or more of the test scores are non-finite: [       nan 0.78514725 0.79639515 0.81182902 0.81321777 0.80759381
 0.81459667]
[2024-10-04T12:53:10.541+0000] {logging_mixin.py:188} WARNING - 2024/10/04 12:53:10 INFO mlflow.tracking._tracking_service.client: üèÉ View run RandomForestClassifier at: http://mlflow-service:5000/#/experiments/228126655427521198/runs/c8b7e05f1d004437aee13b7f6b1f806b.
[2024-10-04T12:53:10.542+0000] {logging_mixin.py:188} WARNING - 2024/10/04 12:53:10 INFO mlflow.tracking._tracking_service.client: üß™ View experiment at: http://mlflow-service:5000/#/experiments/228126655427521198.
[2024-10-04T12:53:10.562+0000] {taskinstance.py:441} INFO - ::group::Post task execution logs
[2024-10-04T12:53:10.563+0000] {taskinstance.py:2905} ERROR - Task failed with exception
Traceback (most recent call last):
  File "/home/airflow/.local/lib/python3.10/site-packages/airflow/models/taskinstance.py", line 465, in _execute_task
    result = _execute_callable(context=context, **execute_callable_kwargs)
  File "/home/airflow/.local/lib/python3.10/site-packages/airflow/models/taskinstance.py", line 432, in _execute_callable
    return execute_callable(context=context, **execute_callable_kwargs)
  File "/home/airflow/.local/lib/python3.10/site-packages/airflow/models/baseoperator.py", line 401, in wrapper
    return func(self, *args, **kwargs)
  File "/home/airflow/.local/lib/python3.10/site-packages/airflow/operators/python.py", line 235, in execute
    return_value = self.execute_callable()
  File "/home/airflow/.local/lib/python3.10/site-packages/airflow/operators/python.py", line 252, in execute_callable
    return self.python_callable(*self.op_args, **self.op_kwargs)
  File "/opt/airflow/dags/airflow/dags/project.py", line 202, in train_model
    signature = infer_signature(X_test, prediction)
NameError: name 'infer_signature' is not defined
[2024-10-04T12:53:10.580+0000] {taskinstance.py:1206} INFO - Marking task as FAILED. dag_id=Alex_Trigolos, task_id=training_rfc_model_tasks, run_id=manual__2024-10-04T12:52:45.017754+00:00, execution_date=20241004T125245, start_date=20241004T125302, end_date=20241004T125310
[2024-10-04T12:53:10.591+0000] {logging_mixin.py:188} WARNING - /home/***/.local/lib/python3.10/site-packages/***/utils/email.py:154 RemovedInAirflow3Warning: Fetching SMTP credentials from configuration variables will be deprecated in a future release. Please set credentials using a connection instead.
[2024-10-04T12:53:10.592+0000] {configuration.py:1053} WARNING - section/key [smtp/smtp_user] not found in config
[2024-10-04T12:53:10.592+0000] {email.py:271} INFO - Email alerting: attempt 1
[2024-10-04T12:53:10.601+0000] {configuration.py:1053} WARNING - section/key [smtp/smtp_user] not found in config
[2024-10-04T12:53:10.602+0000] {email.py:271} INFO - Email alerting: attempt 1
[2024-10-04T12:53:10.603+0000] {taskinstance.py:879} ERROR - Failed to send email to: alexvlg34@gmail.com
Traceback (most recent call last):
  File "/home/airflow/.local/lib/python3.10/site-packages/airflow/models/taskinstance.py", line 2479, in _run_raw_task
    self._execute_task_with_callbacks(context, test_mode, session=session)
  File "/home/airflow/.local/lib/python3.10/site-packages/airflow/models/taskinstance.py", line 2676, in _execute_task_with_callbacks
    result = self._execute_task(context, task_orig)
  File "/home/airflow/.local/lib/python3.10/site-packages/airflow/models/taskinstance.py", line 2701, in _execute_task
    return _execute_task(self, context, task_orig)
  File "/home/airflow/.local/lib/python3.10/site-packages/airflow/models/taskinstance.py", line 465, in _execute_task
    result = _execute_callable(context=context, **execute_callable_kwargs)
  File "/home/airflow/.local/lib/python3.10/site-packages/airflow/models/taskinstance.py", line 432, in _execute_callable
    return execute_callable(context=context, **execute_callable_kwargs)
  File "/home/airflow/.local/lib/python3.10/site-packages/airflow/models/baseoperator.py", line 401, in wrapper
    return func(self, *args, **kwargs)
  File "/home/airflow/.local/lib/python3.10/site-packages/airflow/operators/python.py", line 235, in execute
    return_value = self.execute_callable()
  File "/home/airflow/.local/lib/python3.10/site-packages/airflow/operators/python.py", line 252, in execute_callable
    return self.python_callable(*self.op_args, **self.op_kwargs)
  File "/opt/airflow/dags/airflow/dags/project.py", line 202, in train_model
    signature = infer_signature(X_test, prediction)
NameError: name 'infer_signature' is not defined

During handling of the above exception, another exception occurred:

Traceback (most recent call last):
  File "/home/airflow/.local/lib/python3.10/site-packages/airflow/models/taskinstance.py", line 1063, in _email_alert
    send_email(task.email, subject, html_content)
  File "/home/airflow/.local/lib/python3.10/site-packages/airflow/utils/email.py", line 80, in send_email
    return backend(
  File "/home/airflow/.local/lib/python3.10/site-packages/airflow/utils/email.py", line 154, in send_email_smtp
    send_mime_email(e_from=mail_from, e_to=recipients, mime_msg=msg, conn_id=conn_id, dryrun=dryrun)
  File "/home/airflow/.local/lib/python3.10/site-packages/airflow/utils/email.py", line 273, in send_mime_email
    smtp_conn = _get_smtp_connection(smtp_host, smtp_port, smtp_timeout, smtp_ssl)
  File "/home/airflow/.local/lib/python3.10/site-packages/airflow/utils/email.py", line 317, in _get_smtp_connection
    return smtplib.SMTP(host=host, port=port, timeout=timeout)
  File "/usr/local/lib/python3.10/smtplib.py", line 255, in __init__
    (code, msg) = self.connect(host, port)
  File "/usr/local/lib/python3.10/smtplib.py", line 341, in connect
    self.sock = self._get_socket(host, port, self.timeout)
  File "/usr/local/lib/python3.10/smtplib.py", line 312, in _get_socket
    return socket.create_connection((host, port), timeout,
  File "/usr/local/lib/python3.10/socket.py", line 845, in create_connection
    raise err
  File "/usr/local/lib/python3.10/socket.py", line 833, in create_connection
    sock.connect(sa)
ConnectionRefusedError: [Errno 111] Connection refused

During handling of the above exception, another exception occurred:

Traceback (most recent call last):
  File "/home/airflow/.local/lib/python3.10/site-packages/airflow/models/taskinstance.py", line 877, in _handle_failure
    task_instance.email_alert(error, failure_context["task"])
  File "/home/airflow/.local/lib/python3.10/site-packages/airflow/models/taskinstance.py", line 3163, in email_alert
    _email_alert(task_instance=self, exception=exception, task=task)
  File "/home/airflow/.local/lib/python3.10/site-packages/airflow/models/taskinstance.py", line 1065, in _email_alert
    send_email(task.email, subject, html_content_err)
  File "/home/airflow/.local/lib/python3.10/site-packages/airflow/utils/email.py", line 80, in send_email
    return backend(
  File "/home/airflow/.local/lib/python3.10/site-packages/airflow/utils/email.py", line 154, in send_email_smtp
    send_mime_email(e_from=mail_from, e_to=recipients, mime_msg=msg, conn_id=conn_id, dryrun=dryrun)
  File "/home/airflow/.local/lib/python3.10/site-packages/airflow/utils/email.py", line 273, in send_mime_email
    smtp_conn = _get_smtp_connection(smtp_host, smtp_port, smtp_timeout, smtp_ssl)
  File "/home/airflow/.local/lib/python3.10/site-packages/airflow/utils/email.py", line 317, in _get_smtp_connection
    return smtplib.SMTP(host=host, port=port, timeout=timeout)
  File "/usr/local/lib/python3.10/smtplib.py", line 255, in __init__
    (code, msg) = self.connect(host, port)
  File "/usr/local/lib/python3.10/smtplib.py", line 341, in connect
    self.sock = self._get_socket(host, port, self.timeout)
  File "/usr/local/lib/python3.10/smtplib.py", line 312, in _get_socket
    return socket.create_connection((host, port), timeout,
  File "/usr/local/lib/python3.10/socket.py", line 845, in create_connection
    raise err
  File "/usr/local/lib/python3.10/socket.py", line 833, in create_connection
    sock.connect(sa)
ConnectionRefusedError: [Errno 111] Connection refused
[2024-10-04T12:53:10.620+0000] {standard_task_runner.py:110} ERROR - Failed to execute job 878 for task training_rfc_model_tasks (name 'infer_signature' is not defined; 86522)
[2024-10-04T12:53:10.646+0000] {local_task_job_runner.py:243} INFO - Task exited with return code 1
[2024-10-04T12:53:10.676+0000] {taskinstance.py:3503} INFO - 0 downstream tasks scheduled from follow-on schedule check
[2024-10-04T12:53:10.682+0000] {local_task_job_runner.py:222} INFO - ::endgroup::
