[2024-09-23T12:14:28.879+0000] {local_task_job_runner.py:120} INFO - ::group::Pre task execution logs
[2024-09-23T12:14:28.894+0000] {taskinstance.py:2076} INFO - Dependencies all met for dep_context=non-requeueable deps ti=<TaskInstance: train_dag.save_metrics_to_s3 manual__2024-09-23T12:14:18.969830+00:00 [queued]>
[2024-09-23T12:14:28.901+0000] {taskinstance.py:2076} INFO - Dependencies all met for dep_context=requeueable deps ti=<TaskInstance: train_dag.save_metrics_to_s3 manual__2024-09-23T12:14:18.969830+00:00 [queued]>
[2024-09-23T12:14:28.903+0000] {taskinstance.py:2306} INFO - Starting attempt 1 of 1
[2024-09-23T12:14:28.915+0000] {taskinstance.py:2330} INFO - Executing <Task(PythonOperator): save_metrics_to_s3> on 2024-09-23 12:14:18.969830+00:00
[2024-09-23T12:14:28.922+0000] {standard_task_runner.py:64} INFO - Started process 17161 to run task
[2024-09-23T12:14:28.925+0000] {standard_task_runner.py:90} INFO - Running: ['***', 'tasks', 'run', 'train_dag', 'save_metrics_to_s3', 'manual__2024-09-23T12:14:18.969830+00:00', '--job-id', '274', '--raw', '--subdir', 'DAGS_FOLDER/***/dags/train_dag.py', '--cfg-path', '/tmp/tmp5lndx7i5']
[2024-09-23T12:14:28.928+0000] {standard_task_runner.py:91} INFO - Job 274: Subtask save_metrics_to_s3
[2024-09-23T12:14:28.973+0000] {task_command.py:426} INFO - Running <TaskInstance: train_dag.save_metrics_to_s3 manual__2024-09-23T12:14:18.969830+00:00 [running]> on host 82997fc6deb7
[2024-09-23T12:14:29.053+0000] {taskinstance.py:2648} INFO - Exporting env vars: AIRFLOW_CTX_DAG_EMAIL='alexvlg34@gmail.com' AIRFLOW_CTX_DAG_OWNER='Alex Trigolos' AIRFLOW_CTX_DAG_ID='train_dag' AIRFLOW_CTX_TASK_ID='save_metrics_to_s3' AIRFLOW_CTX_EXECUTION_DATE='2024-09-23T12:14:18.969830+00:00' AIRFLOW_CTX_TRY_NUMBER='1' AIRFLOW_CTX_DAG_RUN_ID='manual__2024-09-23T12:14:18.969830+00:00'
[2024-09-23T12:14:29.054+0000] {taskinstance.py:430} INFO - ::endgroup::
[2024-09-23T12:14:29.073+0000] {base.py:84} INFO - Using connection ID 's3_connection' for task execution.
[2024-09-23T12:14:29.074+0000] {connection_wrapper.py:388} INFO - AWS Connection (conn_id='s3_connection', conn_type='aws') credentials retrieved from login and password.
[2024-09-23T12:14:29.747+0000] {taskinstance.py:441} INFO - ::group::Post task execution logs
[2024-09-23T12:14:29.748+0000] {taskinstance.py:2905} ERROR - Task failed with exception
Traceback (most recent call last):
  File "/home/airflow/.local/lib/python3.10/site-packages/airflow/models/taskinstance.py", line 465, in _execute_task
    result = _execute_callable(context=context, **execute_callable_kwargs)
  File "/home/airflow/.local/lib/python3.10/site-packages/airflow/models/taskinstance.py", line 432, in _execute_callable
    return execute_callable(context=context, **execute_callable_kwargs)
  File "/home/airflow/.local/lib/python3.10/site-packages/airflow/models/baseoperator.py", line 401, in wrapper
    return func(self, *args, **kwargs)
  File "/home/airflow/.local/lib/python3.10/site-packages/airflow/operators/python.py", line 235, in execute
    return_value = self.execute_callable()
  File "/home/airflow/.local/lib/python3.10/site-packages/airflow/operators/python.py", line 252, in execute_callable
    return self.python_callable(*self.op_args, **self.op_kwargs)
  File "/opt/airflow/dags/airflow/dags/train_dag.py", line 194, in save_metrics_to_s3
    filebuffer.write(json.dumps(model).encode())
NameError: name 'model' is not defined
[2024-09-23T12:14:29.764+0000] {taskinstance.py:1206} INFO - Marking task as FAILED. dag_id=train_dag, task_id=save_metrics_to_s3, run_id=manual__2024-09-23T12:14:18.969830+00:00, execution_date=20240923T121418, start_date=20240923T121428, end_date=20240923T121429
[2024-09-23T12:14:29.778+0000] {logging_mixin.py:188} WARNING - /home/***/.local/lib/python3.10/site-packages/***/utils/email.py:154 RemovedInAirflow3Warning: Fetching SMTP credentials from configuration variables will be deprecated in a future release. Please set credentials using a connection instead.
[2024-09-23T12:14:29.779+0000] {configuration.py:1053} WARNING - section/key [smtp/smtp_user] not found in config
[2024-09-23T12:14:29.780+0000] {email.py:271} INFO - Email alerting: attempt 1
[2024-09-23T12:14:29.787+0000] {configuration.py:1053} WARNING - section/key [smtp/smtp_user] not found in config
[2024-09-23T12:14:29.788+0000] {email.py:271} INFO - Email alerting: attempt 1
[2024-09-23T12:14:29.788+0000] {taskinstance.py:879} ERROR - Failed to send email to: alexvlg34@gmail.com
Traceback (most recent call last):
  File "/home/airflow/.local/lib/python3.10/site-packages/airflow/models/taskinstance.py", line 2479, in _run_raw_task
    self._execute_task_with_callbacks(context, test_mode, session=session)
  File "/home/airflow/.local/lib/python3.10/site-packages/airflow/models/taskinstance.py", line 2676, in _execute_task_with_callbacks
    result = self._execute_task(context, task_orig)
  File "/home/airflow/.local/lib/python3.10/site-packages/airflow/models/taskinstance.py", line 2701, in _execute_task
    return _execute_task(self, context, task_orig)
  File "/home/airflow/.local/lib/python3.10/site-packages/airflow/models/taskinstance.py", line 465, in _execute_task
    result = _execute_callable(context=context, **execute_callable_kwargs)
  File "/home/airflow/.local/lib/python3.10/site-packages/airflow/models/taskinstance.py", line 432, in _execute_callable
    return execute_callable(context=context, **execute_callable_kwargs)
  File "/home/airflow/.local/lib/python3.10/site-packages/airflow/models/baseoperator.py", line 401, in wrapper
    return func(self, *args, **kwargs)
  File "/home/airflow/.local/lib/python3.10/site-packages/airflow/operators/python.py", line 235, in execute
    return_value = self.execute_callable()
  File "/home/airflow/.local/lib/python3.10/site-packages/airflow/operators/python.py", line 252, in execute_callable
    return self.python_callable(*self.op_args, **self.op_kwargs)
  File "/opt/airflow/dags/airflow/dags/train_dag.py", line 194, in save_metrics_to_s3
    filebuffer.write(json.dumps(model).encode())
NameError: name 'model' is not defined

During handling of the above exception, another exception occurred:

Traceback (most recent call last):
  File "/home/airflow/.local/lib/python3.10/site-packages/airflow/models/taskinstance.py", line 1063, in _email_alert
    send_email(task.email, subject, html_content)
  File "/home/airflow/.local/lib/python3.10/site-packages/airflow/utils/email.py", line 80, in send_email
    return backend(
  File "/home/airflow/.local/lib/python3.10/site-packages/airflow/utils/email.py", line 154, in send_email_smtp
    send_mime_email(e_from=mail_from, e_to=recipients, mime_msg=msg, conn_id=conn_id, dryrun=dryrun)
  File "/home/airflow/.local/lib/python3.10/site-packages/airflow/utils/email.py", line 273, in send_mime_email
    smtp_conn = _get_smtp_connection(smtp_host, smtp_port, smtp_timeout, smtp_ssl)
  File "/home/airflow/.local/lib/python3.10/site-packages/airflow/utils/email.py", line 317, in _get_smtp_connection
    return smtplib.SMTP(host=host, port=port, timeout=timeout)
  File "/usr/local/lib/python3.10/smtplib.py", line 255, in __init__
    (code, msg) = self.connect(host, port)
  File "/usr/local/lib/python3.10/smtplib.py", line 341, in connect
    self.sock = self._get_socket(host, port, self.timeout)
  File "/usr/local/lib/python3.10/smtplib.py", line 312, in _get_socket
    return socket.create_connection((host, port), timeout,
  File "/usr/local/lib/python3.10/socket.py", line 845, in create_connection
    raise err
  File "/usr/local/lib/python3.10/socket.py", line 833, in create_connection
    sock.connect(sa)
ConnectionRefusedError: [Errno 111] Connection refused

During handling of the above exception, another exception occurred:

Traceback (most recent call last):
  File "/home/airflow/.local/lib/python3.10/site-packages/airflow/models/taskinstance.py", line 877, in _handle_failure
    task_instance.email_alert(error, failure_context["task"])
  File "/home/airflow/.local/lib/python3.10/site-packages/airflow/models/taskinstance.py", line 3163, in email_alert
    _email_alert(task_instance=self, exception=exception, task=task)
  File "/home/airflow/.local/lib/python3.10/site-packages/airflow/models/taskinstance.py", line 1065, in _email_alert
    send_email(task.email, subject, html_content_err)
  File "/home/airflow/.local/lib/python3.10/site-packages/airflow/utils/email.py", line 80, in send_email
    return backend(
  File "/home/airflow/.local/lib/python3.10/site-packages/airflow/utils/email.py", line 154, in send_email_smtp
    send_mime_email(e_from=mail_from, e_to=recipients, mime_msg=msg, conn_id=conn_id, dryrun=dryrun)
  File "/home/airflow/.local/lib/python3.10/site-packages/airflow/utils/email.py", line 273, in send_mime_email
    smtp_conn = _get_smtp_connection(smtp_host, smtp_port, smtp_timeout, smtp_ssl)
  File "/home/airflow/.local/lib/python3.10/site-packages/airflow/utils/email.py", line 317, in _get_smtp_connection
    return smtplib.SMTP(host=host, port=port, timeout=timeout)
  File "/usr/local/lib/python3.10/smtplib.py", line 255, in __init__
    (code, msg) = self.connect(host, port)
  File "/usr/local/lib/python3.10/smtplib.py", line 341, in connect
    self.sock = self._get_socket(host, port, self.timeout)
  File "/usr/local/lib/python3.10/smtplib.py", line 312, in _get_socket
    return socket.create_connection((host, port), timeout,
  File "/usr/local/lib/python3.10/socket.py", line 845, in create_connection
    raise err
  File "/usr/local/lib/python3.10/socket.py", line 833, in create_connection
    sock.connect(sa)
ConnectionRefusedError: [Errno 111] Connection refused
[2024-09-23T12:14:29.809+0000] {standard_task_runner.py:110} ERROR - Failed to execute job 274 for task save_metrics_to_s3 (name 'model' is not defined; 17161)
[2024-09-23T12:14:29.823+0000] {local_task_job_runner.py:243} INFO - Task exited with return code 1
[2024-09-23T12:14:29.838+0000] {taskinstance.py:3503} INFO - 0 downstream tasks scheduled from follow-on schedule check
[2024-09-23T12:14:29.841+0000] {local_task_job_runner.py:222} INFO - ::endgroup::
