[2024-10-04T12:53:02.461+0000] {local_task_job_runner.py:120} INFO - ::group::Pre task execution logs
[2024-10-04T12:53:02.483+0000] {taskinstance.py:2076} INFO - Dependencies all met for dep_context=non-requeueable deps ti=<TaskInstance: Alex_Trigolos.training_gbc_model_tasks manual__2024-10-04T12:52:45.017754+00:00 [queued]>
[2024-10-04T12:53:02.493+0000] {taskinstance.py:2076} INFO - Dependencies all met for dep_context=requeueable deps ti=<TaskInstance: Alex_Trigolos.training_gbc_model_tasks manual__2024-10-04T12:52:45.017754+00:00 [queued]>
[2024-10-04T12:53:02.495+0000] {taskinstance.py:2306} INFO - Starting attempt 1 of 1
[2024-10-04T12:53:02.510+0000] {taskinstance.py:2330} INFO - Executing <Task(PythonOperator): training_gbc_model_tasks> on 2024-10-04 12:52:45.017754+00:00
[2024-10-04T12:53:02.531+0000] {standard_task_runner.py:64} INFO - Started process 86520 to run task
[2024-10-04T12:53:02.536+0000] {standard_task_runner.py:90} INFO - Running: ['***', 'tasks', 'run', 'Alex_Trigolos', 'training_gbc_model_tasks', 'manual__2024-10-04T12:52:45.017754+00:00', '--job-id', '876', '--raw', '--subdir', 'DAGS_FOLDER/***/dags/project.py', '--cfg-path', '/tmp/tmp930apn7o']
[2024-10-04T12:53:02.543+0000] {standard_task_runner.py:91} INFO - Job 876: Subtask training_gbc_model_tasks
[2024-10-04T12:53:02.613+0000] {task_command.py:426} INFO - Running <TaskInstance: Alex_Trigolos.training_gbc_model_tasks manual__2024-10-04T12:52:45.017754+00:00 [running]> on host 4b5f1410d111
[2024-10-04T12:53:02.727+0000] {taskinstance.py:2648} INFO - Exporting env vars: AIRFLOW_CTX_DAG_EMAIL='alexvlg34@gmail.com' AIRFLOW_CTX_DAG_OWNER='Alex Trigolos' AIRFLOW_CTX_DAG_ID='Alex_Trigolos' AIRFLOW_CTX_TASK_ID='training_gbc_model_tasks' AIRFLOW_CTX_EXECUTION_DATE='2024-10-04T12:52:45.017754+00:00' AIRFLOW_CTX_TRY_NUMBER='1' AIRFLOW_CTX_DAG_RUN_ID='manual__2024-10-04T12:52:45.017754+00:00'
[2024-10-04T12:53:02.729+0000] {taskinstance.py:430} INFO - ::endgroup::
[2024-10-04T12:53:02.745+0000] {project.py:168} INFO - Train model...
[2024-10-04T12:53:02.800+0000] {project.py:172} INFO - 228126655427521198
[2024-10-04T12:53:02.810+0000] {project.py:174} INFO - f7ed1aedcbb94c3ba9fa5669c44c3bd8
[2024-10-04T12:53:02.877+0000] {project.py:175} INFO - <Run: data=<RunData: metrics={}, params={}, tags={'mlflow.note.content': 'parent',
 'mlflow.runName': 'ursatap',
 'mlflow.source.name': '/home/airflow/.local/bin/airflow',
 'mlflow.source.type': 'LOCAL',
 'mlflow.user': 'airflow'}>, info=<RunInfo: artifact_uri='s3://testmlops/mlflow/228126655427521198/f7ed1aedcbb94c3ba9fa5669c44c3bd8/artifacts', end_time=None, experiment_id='228126655427521198', lifecycle_stage='active', run_id='f7ed1aedcbb94c3ba9fa5669c44c3bd8', run_name='ursatap', run_uuid='f7ed1aedcbb94c3ba9fa5669c44c3bd8', start_time=1728046369123, status='RUNNING', user_id='airflow'>, inputs=<RunInputs: dataset_inputs=[]>>
[2024-10-04T12:53:02.879+0000] {s3.py:1422} INFO - Downloading source S3 file from Bucket testmlops with path AlexTrigolos/project/datasets/X_train.pkl
[2024-10-04T12:53:02.895+0000] {base.py:84} INFO - Using connection ID 's3_connection' for task execution.
[2024-10-04T12:53:02.896+0000] {connection_wrapper.py:388} INFO - AWS Connection (conn_id='s3_connection', conn_type='aws') credentials retrieved from login and password.
[2024-10-04T12:53:03.173+0000] {project.py:93} INFO - /tmp/***_tmp_oe7t6lqm
[2024-10-04T12:53:03.179+0000] {s3.py:1422} INFO - Downloading source S3 file from Bucket testmlops with path AlexTrigolos/project/datasets/X_val.pkl
[2024-10-04T12:53:03.189+0000] {base.py:84} INFO - Using connection ID 's3_connection' for task execution.
[2024-10-04T12:53:03.191+0000] {connection_wrapper.py:388} INFO - AWS Connection (conn_id='s3_connection', conn_type='aws') credentials retrieved from login and password.
[2024-10-04T12:53:03.411+0000] {project.py:93} INFO - /tmp/***_tmp_u4lr28w8
[2024-10-04T12:53:03.414+0000] {s3.py:1422} INFO - Downloading source S3 file from Bucket testmlops with path AlexTrigolos/project/datasets/X_test.pkl
[2024-10-04T12:53:03.421+0000] {base.py:84} INFO - Using connection ID 's3_connection' for task execution.
[2024-10-04T12:53:03.424+0000] {connection_wrapper.py:388} INFO - AWS Connection (conn_id='s3_connection', conn_type='aws') credentials retrieved from login and password.
[2024-10-04T12:53:04.071+0000] {project.py:93} INFO - /tmp/***_tmp_2_1d23wa
[2024-10-04T12:53:04.075+0000] {s3.py:1422} INFO - Downloading source S3 file from Bucket testmlops with path AlexTrigolos/project/datasets/y_train.pkl
[2024-10-04T12:53:04.087+0000] {base.py:84} INFO - Using connection ID 's3_connection' for task execution.
[2024-10-04T12:53:04.089+0000] {connection_wrapper.py:388} INFO - AWS Connection (conn_id='s3_connection', conn_type='aws') credentials retrieved from login and password.
[2024-10-04T12:53:04.359+0000] {project.py:93} INFO - /tmp/***_tmp_8oyq6f3o
[2024-10-04T12:53:04.363+0000] {s3.py:1422} INFO - Downloading source S3 file from Bucket testmlops with path AlexTrigolos/project/datasets/y_val.pkl
[2024-10-04T12:53:04.373+0000] {base.py:84} INFO - Using connection ID 's3_connection' for task execution.
[2024-10-04T12:53:04.374+0000] {connection_wrapper.py:388} INFO - AWS Connection (conn_id='s3_connection', conn_type='aws') credentials retrieved from login and password.
[2024-10-04T12:53:04.647+0000] {project.py:93} INFO - /tmp/***_tmp_mmjwz6oy
[2024-10-04T12:53:04.651+0000] {s3.py:1422} INFO - Downloading source S3 file from Bucket testmlops with path AlexTrigolos/project/datasets/y_test.pkl
[2024-10-04T12:53:04.665+0000] {base.py:84} INFO - Using connection ID 's3_connection' for task execution.
[2024-10-04T12:53:04.667+0000] {connection_wrapper.py:388} INFO - AWS Connection (conn_id='s3_connection', conn_type='aws') credentials retrieved from login and password.
[2024-10-04T12:53:05.876+0000] {project.py:93} INFO - /tmp/***_tmp_0kbb1hzp
[2024-10-04T12:53:05.970+0000] {logging_mixin.py:188} WARNING - 2024/10/04 12:53:05 WARNING mlflow.utils.git_utils: Failed to import Git (the Git executable is probably not on your PATH), so Git SHA is not available. Error: Failed to initialize: Bad git executable.
The git executable must be specified in one of the following ways:
    - be included in your $PATH
    - be set via $GIT_PYTHON_GIT_EXECUTABLE
    - explicitly set via git.refresh(<full-path-to-git-executable>)

All git commands will error until this is rectified.

This initial message can be silenced or aggravated in the future by setting the
$GIT_PYTHON_REFRESH environment variable. Use one of the following values:
    - quiet|q|silence|s|silent|none|n|0: for no message or exception
    - warn|w|warning|log|l|1: for a warning message (logging level CRITICAL, displayed by default)
    - error|e|exception|raise|r|2: for a raised exception

Example:
    export GIT_PYTHON_REFRESH=quiet
[2024-10-04T12:53:06.018+0000] {logging_mixin.py:188} INFO - Fitting 5 folds for each of 10 candidates, totalling 50 fits
[2024-10-04T12:53:30.885+0000] {logging_mixin.py:188} WARNING - 2024/10/04 12:53:30 INFO mlflow.tracking._tracking_service.client: üèÉ View run GradientBoostingClassifier at: http://mlflow-service:5000/#/experiments/228126655427521198/runs/cf072708c69548fe9f332ea9e61f28fa.
[2024-10-04T12:53:30.886+0000] {logging_mixin.py:188} WARNING - 2024/10/04 12:53:30 INFO mlflow.tracking._tracking_service.client: üß™ View experiment at: http://mlflow-service:5000/#/experiments/228126655427521198.
[2024-10-04T12:53:30.906+0000] {taskinstance.py:441} INFO - ::group::Post task execution logs
[2024-10-04T12:53:30.907+0000] {taskinstance.py:2905} ERROR - Task failed with exception
Traceback (most recent call last):
  File "/home/airflow/.local/lib/python3.10/site-packages/airflow/models/taskinstance.py", line 465, in _execute_task
    result = _execute_callable(context=context, **execute_callable_kwargs)
  File "/home/airflow/.local/lib/python3.10/site-packages/airflow/models/taskinstance.py", line 432, in _execute_callable
    return execute_callable(context=context, **execute_callable_kwargs)
  File "/home/airflow/.local/lib/python3.10/site-packages/airflow/models/baseoperator.py", line 401, in wrapper
    return func(self, *args, **kwargs)
  File "/home/airflow/.local/lib/python3.10/site-packages/airflow/operators/python.py", line 235, in execute
    return_value = self.execute_callable()
  File "/home/airflow/.local/lib/python3.10/site-packages/airflow/operators/python.py", line 252, in execute_callable
    return self.python_callable(*self.op_args, **self.op_kwargs)
  File "/opt/airflow/dags/airflow/dags/project.py", line 202, in train_model
    signature = infer_signature(X_test, prediction)
NameError: name 'infer_signature' is not defined
[2024-10-04T12:53:30.924+0000] {taskinstance.py:1206} INFO - Marking task as FAILED. dag_id=Alex_Trigolos, task_id=training_gbc_model_tasks, run_id=manual__2024-10-04T12:52:45.017754+00:00, execution_date=20241004T125245, start_date=20241004T125302, end_date=20241004T125330
[2024-10-04T12:53:30.945+0000] {logging_mixin.py:188} WARNING - /home/***/.local/lib/python3.10/site-packages/***/utils/email.py:154 RemovedInAirflow3Warning: Fetching SMTP credentials from configuration variables will be deprecated in a future release. Please set credentials using a connection instead.
[2024-10-04T12:53:30.946+0000] {configuration.py:1053} WARNING - section/key [smtp/smtp_user] not found in config
[2024-10-04T12:53:30.947+0000] {email.py:271} INFO - Email alerting: attempt 1
[2024-10-04T12:53:30.956+0000] {configuration.py:1053} WARNING - section/key [smtp/smtp_user] not found in config
[2024-10-04T12:53:30.957+0000] {email.py:271} INFO - Email alerting: attempt 1
[2024-10-04T12:53:30.958+0000] {taskinstance.py:879} ERROR - Failed to send email to: alexvlg34@gmail.com
Traceback (most recent call last):
  File "/home/airflow/.local/lib/python3.10/site-packages/airflow/models/taskinstance.py", line 2479, in _run_raw_task
    self._execute_task_with_callbacks(context, test_mode, session=session)
  File "/home/airflow/.local/lib/python3.10/site-packages/airflow/models/taskinstance.py", line 2676, in _execute_task_with_callbacks
    result = self._execute_task(context, task_orig)
  File "/home/airflow/.local/lib/python3.10/site-packages/airflow/models/taskinstance.py", line 2701, in _execute_task
    return _execute_task(self, context, task_orig)
  File "/home/airflow/.local/lib/python3.10/site-packages/airflow/models/taskinstance.py", line 465, in _execute_task
    result = _execute_callable(context=context, **execute_callable_kwargs)
  File "/home/airflow/.local/lib/python3.10/site-packages/airflow/models/taskinstance.py", line 432, in _execute_callable
    return execute_callable(context=context, **execute_callable_kwargs)
  File "/home/airflow/.local/lib/python3.10/site-packages/airflow/models/baseoperator.py", line 401, in wrapper
    return func(self, *args, **kwargs)
  File "/home/airflow/.local/lib/python3.10/site-packages/airflow/operators/python.py", line 235, in execute
    return_value = self.execute_callable()
  File "/home/airflow/.local/lib/python3.10/site-packages/airflow/operators/python.py", line 252, in execute_callable
    return self.python_callable(*self.op_args, **self.op_kwargs)
  File "/opt/airflow/dags/airflow/dags/project.py", line 202, in train_model
    signature = infer_signature(X_test, prediction)
NameError: name 'infer_signature' is not defined

During handling of the above exception, another exception occurred:

Traceback (most recent call last):
  File "/home/airflow/.local/lib/python3.10/site-packages/airflow/models/taskinstance.py", line 1063, in _email_alert
    send_email(task.email, subject, html_content)
  File "/home/airflow/.local/lib/python3.10/site-packages/airflow/utils/email.py", line 80, in send_email
    return backend(
  File "/home/airflow/.local/lib/python3.10/site-packages/airflow/utils/email.py", line 154, in send_email_smtp
    send_mime_email(e_from=mail_from, e_to=recipients, mime_msg=msg, conn_id=conn_id, dryrun=dryrun)
  File "/home/airflow/.local/lib/python3.10/site-packages/airflow/utils/email.py", line 273, in send_mime_email
    smtp_conn = _get_smtp_connection(smtp_host, smtp_port, smtp_timeout, smtp_ssl)
  File "/home/airflow/.local/lib/python3.10/site-packages/airflow/utils/email.py", line 317, in _get_smtp_connection
    return smtplib.SMTP(host=host, port=port, timeout=timeout)
  File "/usr/local/lib/python3.10/smtplib.py", line 255, in __init__
    (code, msg) = self.connect(host, port)
  File "/usr/local/lib/python3.10/smtplib.py", line 341, in connect
    self.sock = self._get_socket(host, port, self.timeout)
  File "/usr/local/lib/python3.10/smtplib.py", line 312, in _get_socket
    return socket.create_connection((host, port), timeout,
  File "/usr/local/lib/python3.10/socket.py", line 845, in create_connection
    raise err
  File "/usr/local/lib/python3.10/socket.py", line 833, in create_connection
    sock.connect(sa)
ConnectionRefusedError: [Errno 111] Connection refused

During handling of the above exception, another exception occurred:

Traceback (most recent call last):
  File "/home/airflow/.local/lib/python3.10/site-packages/airflow/models/taskinstance.py", line 877, in _handle_failure
    task_instance.email_alert(error, failure_context["task"])
  File "/home/airflow/.local/lib/python3.10/site-packages/airflow/models/taskinstance.py", line 3163, in email_alert
    _email_alert(task_instance=self, exception=exception, task=task)
  File "/home/airflow/.local/lib/python3.10/site-packages/airflow/models/taskinstance.py", line 1065, in _email_alert
    send_email(task.email, subject, html_content_err)
  File "/home/airflow/.local/lib/python3.10/site-packages/airflow/utils/email.py", line 80, in send_email
    return backend(
  File "/home/airflow/.local/lib/python3.10/site-packages/airflow/utils/email.py", line 154, in send_email_smtp
    send_mime_email(e_from=mail_from, e_to=recipients, mime_msg=msg, conn_id=conn_id, dryrun=dryrun)
  File "/home/airflow/.local/lib/python3.10/site-packages/airflow/utils/email.py", line 273, in send_mime_email
    smtp_conn = _get_smtp_connection(smtp_host, smtp_port, smtp_timeout, smtp_ssl)
  File "/home/airflow/.local/lib/python3.10/site-packages/airflow/utils/email.py", line 317, in _get_smtp_connection
    return smtplib.SMTP(host=host, port=port, timeout=timeout)
  File "/usr/local/lib/python3.10/smtplib.py", line 255, in __init__
    (code, msg) = self.connect(host, port)
  File "/usr/local/lib/python3.10/smtplib.py", line 341, in connect
    self.sock = self._get_socket(host, port, self.timeout)
  File "/usr/local/lib/python3.10/smtplib.py", line 312, in _get_socket
    return socket.create_connection((host, port), timeout,
  File "/usr/local/lib/python3.10/socket.py", line 845, in create_connection
    raise err
  File "/usr/local/lib/python3.10/socket.py", line 833, in create_connection
    sock.connect(sa)
ConnectionRefusedError: [Errno 111] Connection refused
[2024-10-04T12:53:30.978+0000] {standard_task_runner.py:110} ERROR - Failed to execute job 876 for task training_gbc_model_tasks (name 'infer_signature' is not defined; 86520)
[2024-10-04T12:53:31.026+0000] {local_task_job_runner.py:243} INFO - Task exited with return code 1
[2024-10-04T12:53:31.046+0000] {taskinstance.py:3503} INFO - 0 downstream tasks scheduled from follow-on schedule check
[2024-10-04T12:53:31.049+0000] {local_task_job_runner.py:222} INFO - ::endgroup::
